
===========================================================================
report_checks -unconstrained
===========================================================================
======================= min_ss_100C_1v60 Corner ===================================

Startpoint: wbs_adr_i[7] (input port clocked by clk)
Endpoint: wbs_dat_o[27] (output port clocked by clk)
Path Group: clk
Path Type: max

Fanout         Cap        Slew       Delay        Time   Description
---------------------------------------------------------------------------------------------
                      0.000000    0.000000    0.000000   clock clk (rise edge)
                                  0.000000    0.000000   clock network delay (ideal)
                                 20.000000   20.000000 v input external delay
     2    0.003573    0.021454    0.011639   20.011639 v wbs_adr_i[7] (in)
                                                         wbs_adr_i[7] (net)
                      0.021454    0.000000   20.011639 v input20/A (sky130_fd_sc_hd__dlymetal6s2s_1)
     2    0.030362    0.297203    0.449131   20.460770 v input20/X (sky130_fd_sc_hd__dlymetal6s2s_1)
                                                         net20 (net)
                      0.297203    0.000764   20.461533 v _0750_/A (sky130_fd_sc_hd__or4_1)
     1    0.001410    0.158476    1.243885   21.705418 v _0750_/X (sky130_fd_sc_hd__or4_1)
                                                         _0095_ (net)
                      0.158476    0.000005   21.705423 v _0751_/C (sky130_fd_sc_hd__or3_1)
     4    0.011789    0.231091    0.875769   22.581192 v _0751_/X (sky130_fd_sc_hd__or3_1)
                                                         _0096_ (net)
                      0.231091    0.000185   22.581377 v _0757_/B (sky130_fd_sc_hd__or3b_1)
     2    0.006822    0.178867    0.922791   23.504168 v _0757_/X (sky130_fd_sc_hd__or3b_1)
                                                         _0101_ (net)
                      0.178867    0.000066   23.504234 v _0758_/B (sky130_fd_sc_hd__or2_1)
     2    0.013413    0.186507    0.614017   24.118252 v _0758_/X (sky130_fd_sc_hd__or2_1)
                                                         _0102_ (net)
                      0.186507    0.000279   24.118530 v fanout149/A (sky130_fd_sc_hd__buf_2)
    10    0.038752    0.183874    0.414692   24.533222 v fanout149/X (sky130_fd_sc_hd__buf_2)
                                                         net149 (net)
                      0.183874    0.000632   24.533855 v _1409_/A (sky130_fd_sc_hd__and2_1)
     6    0.032712    0.309368    0.540407   25.074261 v _1409_/X (sky130_fd_sc_hd__and2_1)
                                                         net128 (net)
                      0.309368    0.000542   25.074804 v fanout147/A (sky130_fd_sc_hd__clkbuf_2)
    10    0.024469    0.177813    0.395946   25.470749 v fanout147/X (sky130_fd_sc_hd__clkbuf_2)
                                                         net147 (net)
                      0.177813    0.000508   25.471258 v _1783_/A (sky130_fd_sc_hd__clkbuf_1)
     1    0.002466    0.047559    0.207850   25.679108 v _1783_/X (sky130_fd_sc_hd__clkbuf_1)
                                                         net124 (net)
                      0.047559    0.000025   25.679132 v output124/A (sky130_fd_sc_hd__buf_2)
     1    0.034085    0.165154    0.334035   26.013168 v output124/X (sky130_fd_sc_hd__buf_2)
                                                         wbs_dat_o[27] (net)
                      0.165154    0.000183   26.013350 v wbs_dat_o[27] (out)
                                             26.013350   data arrival time

                      0.000000  100.000000  100.000000   clock clk (rise edge)
                                  0.000000  100.000000   clock network delay (ideal)
                                 -0.250000   99.750000   clock uncertainty
                                  0.000000   99.750000   clock reconvergence pessimism
                                -20.000000   79.750000   output external delay
                                             79.750000   data required time
---------------------------------------------------------------------------------------------
                                             79.750000   data required time
                                            -26.013350   data arrival time
---------------------------------------------------------------------------------------------
                                             53.736649   slack (MET)




===========================================================================
report_checks --slack_max -0.01
============================================================================
======================= min_ss_100C_1v60 Corner ===================================

No paths found.


===========================================================================
 report_check_types -max_slew -max_cap -max_fanout -violators
============================================================================
======================= min_ss_100C_1v60 Corner ===================================

max fanout

Pin                                   Limit Fanout  Slack
---------------------------------------------------------
fanout136/X                              10     20    -10 (VIOLATED)
fanout138/X                              10     20    -10 (VIOLATED)
fanout144/X                              10     20    -10 (VIOLATED)
fanout145/X                              10     20    -10 (VIOLATED)
fanout148/X                              10     20    -10 (VIOLATED)
fanout151/X                              10     20    -10 (VIOLATED)
fanout154/X                              10     20    -10 (VIOLATED)
fanout157/X                              10     20    -10 (VIOLATED)
fanout158/X                              10     20    -10 (VIOLATED)
fanout170/X                              10     20    -10 (VIOLATED)
fanout171/X                              10     20    -10 (VIOLATED)
fanout172/X                              10     20    -10 (VIOLATED)
fanout174/X                              10     20    -10 (VIOLATED)
fanout180/X                              10     20    -10 (VIOLATED)
fanout182/X                              10     20    -10 (VIOLATED)
fanout185/X                              10     20    -10 (VIOLATED)
fanout199/X                              10     20    -10 (VIOLATED)
fanout200/X                              10     20    -10 (VIOLATED)
fanout206/X                              10     20    -10 (VIOLATED)
fanout207/X                              10     20    -10 (VIOLATED)
_1561_/Q                                 10     18     -8 (VIOLATED)
fanout183/X                              10     18     -8 (VIOLATED)
fanout203/X                              10     18     -8 (VIOLATED)
fanout210/X                              10     18     -8 (VIOLATED)
fanout187/X                              10     16     -6 (VIOLATED)
_0735_/Y                                 10     14     -4 (VIOLATED)
_1186_/X                                 10     14     -4 (VIOLATED)
fanout143/X                              10     14     -4 (VIOLATED)
fanout179/X                              10     14     -4 (VIOLATED)
fanout181/X                              10     14     -4 (VIOLATED)
fanout189/X                              10     14     -4 (VIOLATED)
fanout191/X                              10     14     -4 (VIOLATED)
_0798_/X                                 10     12     -2 (VIOLATED)
_1408_/Y                                 10     12     -2 (VIOLATED)
fanout153/X                              10     12     -2 (VIOLATED)
fanout202/X                              10     12     -2 (VIOLATED)
fanout209/X                              10     12     -2 (VIOLATED)



===========================================================================
report_parasitic_annotation -report_unannotated
============================================================================
Found 472 unannotated drivers.
 gpio_in[0]
 gpio_in[10]
 gpio_in[11]
 gpio_in[12]
 gpio_in[13]
 gpio_in[14]
 gpio_in[15]
 gpio_in[16]
 gpio_in[17]
 gpio_in[18]
 gpio_in[19]
 gpio_in[1]
 gpio_in[20]
 gpio_in[21]
 gpio_in[22]
 gpio_in[23]
 gpio_in[24]
 gpio_in[25]
 gpio_in[26]
 gpio_in[27]
 gpio_in[28]
 gpio_in[29]
 gpio_in[2]
 gpio_in[30]
 gpio_in[31]
 gpio_in[32]
 gpio_in[33]
 gpio_in[34]
 gpio_in[35]
 gpio_in[36]
 gpio_in[37]
 gpio_in[3]
 gpio_in[4]
 gpio_in[5]
 gpio_in[6]
 gpio_in[7]
 gpio_in[8]
 gpio_in[9]
 la_data_in[100]
 la_data_in[101]
 la_data_in[102]
 la_data_in[103]
 la_data_in[104]
 la_data_in[105]
 la_data_in[106]
 la_data_in[107]
 la_data_in[108]
 la_data_in[109]
 la_data_in[10]
 la_data_in[110]
 la_data_in[111]
 la_data_in[112]
 la_data_in[113]
 la_data_in[114]
 la_data_in[115]
 la_data_in[116]
 la_data_in[117]
 la_data_in[118]
 la_data_in[119]
 la_data_in[11]
 la_data_in[120]
 la_data_in[121]
 la_data_in[122]
 la_data_in[123]
 la_data_in[124]
 la_data_in[125]
 la_data_in[126]
 la_data_in[127]
 la_data_in[12]
 la_data_in[13]
 la_data_in[14]
 la_data_in[15]
 la_data_in[16]
 la_data_in[17]
 la_data_in[18]
 la_data_in[19]
 la_data_in[20]
 la_data_in[21]
 la_data_in[22]
 la_data_in[23]
 la_data_in[24]
 la_data_in[25]
 la_data_in[26]
 la_data_in[27]
 la_data_in[28]
 la_data_in[29]
 la_data_in[2]
 la_data_in[30]
 la_data_in[31]
 la_data_in[32]
 la_data_in[33]
 la_data_in[34]
 la_data_in[35]
 la_data_in[36]
 la_data_in[37]
 la_data_in[38]
 la_data_in[39]
 la_data_in[3]
 la_data_in[40]
 la_data_in[41]
 la_data_in[42]
 la_data_in[43]
 la_data_in[44]
 la_data_in[45]
 la_data_in[46]
 la_data_in[47]
 la_data_in[48]
 la_data_in[49]
 la_data_in[4]
 la_data_in[50]
 la_data_in[51]
 la_data_in[52]
 la_data_in[53]
 la_data_in[54]
 la_data_in[55]
 la_data_in[56]
 la_data_in[57]
 la_data_in[58]
 la_data_in[59]
 la_data_in[5]
 la_data_in[60]
 la_data_in[61]
 la_data_in[62]
 la_data_in[63]
 la_data_in[64]
 la_data_in[65]
 la_data_in[66]
 la_data_in[67]
 la_data_in[68]
 la_data_in[69]
 la_data_in[6]
 la_data_in[70]
 la_data_in[71]
 la_data_in[72]
 la_data_in[73]
 la_data_in[74]
 la_data_in[75]
 la_data_in[76]
 la_data_in[77]
 la_data_in[78]
 la_data_in[79]
 la_data_in[7]
 la_data_in[80]
 la_data_in[81]
 la_data_in[82]
 la_data_in[83]
 la_data_in[84]
 la_data_in[85]
 la_data_in[86]
 la_data_in[87]
 la_data_in[88]
 la_data_in[89]
 la_data_in[8]
 la_data_in[90]
 la_data_in[91]
 la_data_in[92]
 la_data_in[93]
 la_data_in[94]
 la_data_in[95]
 la_data_in[96]
 la_data_in[97]
 la_data_in[98]
 la_data_in[99]
 la_data_in[9]
 la_oenb[100]
 la_oenb[101]
 la_oenb[102]
 la_oenb[103]
 la_oenb[104]
 la_oenb[105]
 la_oenb[106]
 la_oenb[107]
 la_oenb[108]
 la_oenb[109]
 la_oenb[10]
 la_oenb[110]
 la_oenb[111]
 la_oenb[112]
 la_oenb[113]
 la_oenb[114]
 la_oenb[115]
 la_oenb[116]
 la_oenb[117]
 la_oenb[118]
 la_oenb[119]
 la_oenb[11]
 la_oenb[120]
 la_oenb[121]
 la_oenb[122]
 la_oenb[123]
 la_oenb[124]
 la_oenb[125]
 la_oenb[126]
 la_oenb[127]
 la_oenb[12]
 la_oenb[13]
 la_oenb[14]
 la_oenb[15]
 la_oenb[16]
 la_oenb[17]
 la_oenb[18]
 la_oenb[19]
 la_oenb[20]
 la_oenb[21]
 la_oenb[22]
 la_oenb[23]
 la_oenb[24]
 la_oenb[25]
 la_oenb[26]
 la_oenb[27]
 la_oenb[28]
 la_oenb[29]
 la_oenb[2]
 la_oenb[30]
 la_oenb[31]
 la_oenb[32]
 la_oenb[33]
 la_oenb[34]
 la_oenb[35]
 la_oenb[36]
 la_oenb[37]
 la_oenb[38]
 la_oenb[39]
 la_oenb[3]
 la_oenb[40]
 la_oenb[41]
 la_oenb[42]
 la_oenb[43]
 la_oenb[44]
 la_oenb[45]
 la_oenb[46]
 la_oenb[47]
 la_oenb[48]
 la_oenb[49]
 la_oenb[4]
 la_oenb[50]
 la_oenb[51]
 la_oenb[52]
 la_oenb[53]
 la_oenb[54]
 la_oenb[55]
 la_oenb[56]
 la_oenb[57]
 la_oenb[58]
 la_oenb[59]
 la_oenb[5]
 la_oenb[60]
 la_oenb[61]
 la_oenb[62]
 la_oenb[63]
 la_oenb[64]
 la_oenb[65]
 la_oenb[66]
 la_oenb[67]
 la_oenb[68]
 la_oenb[69]
 la_oenb[6]
 la_oenb[70]
 la_oenb[71]
 la_oenb[72]
 la_oenb[73]
 la_oenb[74]
 la_oenb[75]
 la_oenb[76]
 la_oenb[77]
 la_oenb[78]
 la_oenb[79]
 la_oenb[7]
 la_oenb[80]
 la_oenb[81]
 la_oenb[82]
 la_oenb[83]
 la_oenb[84]
 la_oenb[85]
 la_oenb[86]
 la_oenb[87]
 la_oenb[88]
 la_oenb[89]
 la_oenb[8]
 la_oenb[90]
 la_oenb[91]
 la_oenb[92]
 la_oenb[93]
 la_oenb[94]
 la_oenb[95]
 la_oenb[96]
 la_oenb[97]
 la_oenb[98]
 la_oenb[99]
 la_oenb[9]
 wbs_adr_i[16]
 wbs_adr_i[17]
 wbs_adr_i[18]
 wbs_adr_i[19]
 wbs_adr_i[20]
 wbs_adr_i[21]
 wbs_adr_i[22]
 wbs_adr_i[23]
 wbs_adr_i[24]
 wbs_adr_i[25]
 wbs_adr_i[26]
 wbs_adr_i[27]
 wbs_adr_i[28]
 wbs_adr_i[29]
 wbs_adr_i[30]
 wbs_adr_i[31]
 wbs_dat_i[14]
 wbs_dat_i[15]
 wbs_dat_i[16]
 wbs_dat_i[17]
 wbs_dat_i[18]
 wbs_dat_i[19]
 wbs_dat_i[20]
 wbs_dat_i[21]
 wbs_dat_i[22]
 wbs_dat_i[23]
 wbs_dat_i[24]
 wbs_dat_i[25]
 wbs_dat_i[26]
 wbs_dat_i[27]
 wbs_dat_i[28]
 wbs_dat_i[29]
 wbs_dat_i[30]
 wbs_dat_i[31]
 wbs_sel_i[0]
 wbs_sel_i[1]
 wbs_sel_i[2]
 wbs_sel_i[3]
 _1599__351/LO
 _1600__352/LO
 _1601__353/LO
 _1602__354/LO
 _1635__211/HI
 _1636__212/HI
 _1637__213/HI
 _1638__214/HI
 _1640__215/HI
 _1641__216/HI
 _1642__217/HI
 _1643__218/HI
 _1644__219/HI
 _1645__220/HI
 _1646__221/HI
 _1647__222/HI
 _1648__223/HI
 _1649__224/HI
 _1650__225/HI
 _1651__226/HI
 _1652__227/HI
 _1653__228/HI
 _1654__229/HI
 _1655__230/HI
 _1656__231/HI
 _1657__232/HI
 _1658__233/HI
 _1659__234/HI
 _1660__235/HI
 _1661__236/HI
 _1662__237/HI
 _1663__238/HI
 _1664__239/HI
 _1665__240/HI
 _1666__241/HI
 _1667__242/HI
 _1668__243/HI
 _1669__244/HI
 _1670__245/HI
 _1671__246/HI
 _1672__247/HI
 _1673__248/HI
 _1674__249/HI
 _1675__250/HI
 _1676__251/HI
 _1677__252/HI
 _1678__253/HI
 _1679__254/HI
 _1680__255/HI
 _1681__256/HI
 _1682__257/HI
 _1683__258/HI
 _1684__259/HI
 _1685__260/HI
 _1686__261/HI
 _1687__262/HI
 _1688__263/HI
 _1689__264/HI
 _1690__265/HI
 _1691__266/HI
 _1692__267/HI
 _1693__268/HI
 _1694__269/HI
 _1695__270/HI
 _1696__271/HI
 _1697__272/HI
 _1698__273/HI
 _1699__274/HI
 _1700__275/HI
 _1701__276/HI
 _1702__277/HI
 _1703__278/HI
 _1704__279/HI
 _1705__280/HI
 _1706__281/HI
 _1707__282/HI
 _1708__283/HI
 _1709__284/HI
 _1710__285/HI
 _1711__286/HI
 _1712__287/HI
 _1713__288/HI
 _1714__289/HI
 _1715__290/HI
 _1716__291/HI
 _1717__292/HI
 _1718__293/HI
 _1719__294/HI
 _1720__295/HI
 _1721__296/HI
 _1722__297/HI
 _1723__298/HI
 _1724__299/HI
 _1725__300/HI
 _1726__301/HI
 _1727__302/HI
 _1728__303/HI
 _1729__304/HI
 _1730__305/HI
 _1731__306/HI
 _1732__307/HI
 _1733__308/HI
 _1734__309/HI
 _1735__310/HI
 _1736__311/HI
 _1737__312/HI
 _1738__313/HI
 _1739__314/HI
 _1740__315/HI
 _1741__316/HI
 _1742__317/HI
 _1743__318/HI
 _1744__319/HI
 _1745__320/HI
 _1746__321/HI
 _1747__322/HI
 _1748__323/HI
 _1749__324/HI
 _1750__325/HI
 _1751__326/HI
 _1752__327/HI
 _1753__328/HI
 _1754__329/HI
 _1755__330/HI
 _1756__331/HI
 _1757__332/HI
 _1758__333/HI
 _1759__334/HI
 _1760__335/HI
 _1761__336/HI
 _1762__337/HI
 _1763__338/HI
 _1764__339/HI
 _1765__340/HI
 _1766__341/HI
 _1767__342/HI
 _1768__343/HI
 _1769__344/HI
 _1770__345/HI
 _1773__346/HI
 _1776__347/HI
 _1778__348/HI
 _1780__349/HI
 _1785__350/HI
Found 0 partially unannotated drivers.

===========================================================================
max slew violation count 0
max fanout violation count 37
max cap violation count 0
============================================================================

===========================================================================
check_setup -verbose -unconstrained_endpoints -multiple_clock -no_clock -no_input_delay -loops -generated_clocks
===========================================================================
Warning: There are 55 unclocked register/latch pins.
  _1543_/CLK
  _1544_/CLK
  _1545_/CLK
  _1546_/CLK
  _1547_/CLK
  _1548_/CLK
  _1549_/CLK
  _1550_/CLK
  _1551_/CLK
  _1552_/CLK
  _1553_/CLK
  _1554_/CLK
  _1555_/CLK
  _1556_/CLK
  _1557_/CLK
  _1558_/CLK
  _1559_/CLK
  _1560_/CLK
  _1561_/CLK
  _1562_/CLK
  _1563_/CLK
  _1564_/CLK
  _1565_/CLK
  _1566_/CLK
  _1567_/CLK
  _1568_/CLK
  _1569_/CLK
  _1570_/CLK
  _1571_/CLK
  _1572_/CLK
  _1573_/CLK
  _1574_/CLK
  _1575_/CLK
  _1576_/CLK
  _1577_/CLK
  _1578_/CLK
  _1579_/CLK
  _1580_/CLK
  _1581_/CLK
  _1582_/CLK
  _1583_/CLK
  _1584_/CLK
  _1585_/CLK
  _1586_/CLK
  _1587_/CLK
  _1588_/CLK
  _1589_/CLK
  _1590_/CLK
  _1591_/CLK
  _1592_/CLK
  _1593_/CLK
  _1594_/CLK
  _1595_/CLK
  _1596_/CLK
  _1597_/CLK
Warning: There are 269 unconstrained endpoints.
  gpio_oeb[0]
  gpio_oeb[10]
  gpio_oeb[11]
  gpio_oeb[12]
  gpio_oeb[13]
  gpio_oeb[14]
  gpio_oeb[15]
  gpio_oeb[16]
  gpio_oeb[17]
  gpio_oeb[18]
  gpio_oeb[19]
  gpio_oeb[1]
  gpio_oeb[20]
  gpio_oeb[21]
  gpio_oeb[22]
  gpio_oeb[23]
  gpio_oeb[24]
  gpio_oeb[25]
  gpio_oeb[26]
  gpio_oeb[27]
  gpio_oeb[28]
  gpio_oeb[29]
  gpio_oeb[2]
  gpio_oeb[30]
  gpio_oeb[31]
  gpio_oeb[32]
  gpio_oeb[33]
  gpio_oeb[34]
  gpio_oeb[35]
  gpio_oeb[36]
  gpio_oeb[37]
  gpio_oeb[3]
  gpio_oeb[4]
  gpio_oeb[5]
  gpio_oeb[6]
  gpio_oeb[7]
  gpio_oeb[8]
  gpio_oeb[9]
  gpio_out[0]
  gpio_out[10]
  gpio_out[11]
  gpio_out[12]
  gpio_out[13]
  gpio_out[14]
  gpio_out[15]
  gpio_out[16]
  gpio_out[17]
  gpio_out[18]
  gpio_out[19]
  gpio_out[1]
  gpio_out[20]
  gpio_out[21]
  gpio_out[22]
  gpio_out[23]
  gpio_out[24]
  gpio_out[25]
  gpio_out[26]
  gpio_out[27]
  gpio_out[28]
  gpio_out[29]
  gpio_out[2]
  gpio_out[30]
  gpio_out[31]
  gpio_out[32]
  gpio_out[33]
  gpio_out[34]
  gpio_out[35]
  gpio_out[36]
  gpio_out[37]
  gpio_out[3]
  gpio_out[4]
  gpio_out[5]
  gpio_out[6]
  gpio_out[7]
  gpio_out[8]
  gpio_out[9]
  irq[0]
  irq[1]
  irq[2]
  la_data_out[0]
  la_data_out[100]
  la_data_out[101]
  la_data_out[102]
  la_data_out[103]
  la_data_out[104]
  la_data_out[105]
  la_data_out[106]
  la_data_out[107]
  la_data_out[108]
  la_data_out[109]
  la_data_out[10]
  la_data_out[110]
  la_data_out[111]
  la_data_out[112]
  la_data_out[113]
  la_data_out[114]
  la_data_out[115]
  la_data_out[116]
  la_data_out[117]
  la_data_out[118]
  la_data_out[119]
  la_data_out[11]
  la_data_out[120]
  la_data_out[121]
  la_data_out[122]
  la_data_out[123]
  la_data_out[124]
  la_data_out[125]
  la_data_out[126]
  la_data_out[127]
  la_data_out[12]
  la_data_out[13]
  la_data_out[14]
  la_data_out[15]
  la_data_out[16]
  la_data_out[17]
  la_data_out[18]
  la_data_out[19]
  la_data_out[1]
  la_data_out[20]
  la_data_out[21]
  la_data_out[22]
  la_data_out[23]
  la_data_out[24]
  la_data_out[25]
  la_data_out[26]
  la_data_out[27]
  la_data_out[28]
  la_data_out[29]
  la_data_out[2]
  la_data_out[30]
  la_data_out[31]
  la_data_out[32]
  la_data_out[33]
  la_data_out[34]
  la_data_out[35]
  la_data_out[36]
  la_data_out[37]
  la_data_out[38]
  la_data_out[39]
  la_data_out[3]
  la_data_out[40]
  la_data_out[41]
  la_data_out[42]
  la_data_out[43]
  la_data_out[44]
  la_data_out[45]
  la_data_out[46]
  la_data_out[47]
  la_data_out[48]
  la_data_out[49]
  la_data_out[4]
  la_data_out[50]
  la_data_out[51]
  la_data_out[52]
  la_data_out[53]
  la_data_out[54]
  la_data_out[55]
  la_data_out[56]
  la_data_out[57]
  la_data_out[58]
  la_data_out[59]
  la_data_out[5]
  la_data_out[60]
  la_data_out[61]
  la_data_out[62]
  la_data_out[63]
  la_data_out[64]
  la_data_out[65]
  la_data_out[66]
  la_data_out[67]
  la_data_out[68]
  la_data_out[69]
  la_data_out[6]
  la_data_out[70]
  la_data_out[71]
  la_data_out[72]
  la_data_out[73]
  la_data_out[74]
  la_data_out[75]
  la_data_out[76]
  la_data_out[77]
  la_data_out[78]
  la_data_out[79]
  la_data_out[7]
  la_data_out[80]
  la_data_out[81]
  la_data_out[82]
  la_data_out[83]
  la_data_out[84]
  la_data_out[85]
  la_data_out[86]
  la_data_out[87]
  la_data_out[88]
  la_data_out[89]
  la_data_out[8]
  la_data_out[90]
  la_data_out[91]
  la_data_out[92]
  la_data_out[93]
  la_data_out[94]
  la_data_out[95]
  la_data_out[96]
  la_data_out[97]
  la_data_out[98]
  la_data_out[99]
  la_data_out[9]
  wbs_ack_o
  wbs_dat_o[14]
  wbs_dat_o[17]
  wbs_dat_o[20]
  wbs_dat_o[22]
  wbs_dat_o[24]
  wbs_dat_o[29]
  _1543_/D
  _1544_/D
  _1545_/D
  _1546_/D
  _1547_/D
  _1548_/D
  _1549_/D
  _1550_/D
  _1551_/D
  _1552_/D
  _1553_/D
  _1554_/D
  _1555_/D
  _1556_/D
  _1557_/D
  _1558_/D
  _1559_/D
  _1560_/D
  _1561_/D
  _1562_/D
  _1563_/D
  _1564_/D
  _1565_/D
  _1566_/D
  _1567_/D
  _1568_/D
  _1569_/D
  _1570_/D
  _1571_/D
  _1572_/D
  _1573_/D
  _1574_/D
  _1575_/D
  _1576_/D
  _1577_/D
  _1578_/D
  _1579_/D
  _1580_/D
  _1581_/D
  _1582_/D
  _1583_/D
  _1584_/D
  _1585_/D
  _1586_/D
  _1587_/D
  _1588_/D
  _1589_/D
  _1590_/D
  _1591_/D
  _1592_/D
  _1593_/D
  _1594_/D
  _1595_/D
  _1596_/D
  _1597_/D
