
===========================================================================
report_checks -unconstrained
===========================================================================
======================= max_ss_100C_1v60 Corner ===================================

Startpoint: wb_rst_i (input port clocked by clk)
Endpoint: _1143_ (recovery check against rising-edge clock clk)
Path Group: asynchronous
Path Type: max

Fanout         Cap        Slew       Delay        Time   Description
---------------------------------------------------------------------------------------------
                                  0.000000    0.000000   clock clk (rise edge)
                                  5.570000    5.570000   clock network delay (propagated)
                                 50.000000   55.570000 v input external delay
    13    0.184483    0.000000    0.000000   55.570000 v wb_rst_i (in)
                                                         wb_rst_i (net)
                      0.112275    0.056136   55.626137 v fanout319/A (sky130_fd_sc_hd__buf_2)
    12    0.064169    0.283118    0.452964   56.079102 v fanout319/X (sky130_fd_sc_hd__buf_2)
                                                         net319 (net)
                      0.283229    0.004711   56.083813 v fanout309/A (sky130_fd_sc_hd__buf_2)
    12    0.053138    0.241593    0.503253   56.587063 v fanout309/X (sky130_fd_sc_hd__buf_2)
                                                         net309 (net)
                      0.241610    0.002213   56.589275 v fanout306/A (sky130_fd_sc_hd__buf_4)
    10    0.057271    0.149340    0.422489   57.011765 v fanout306/X (sky130_fd_sc_hd__buf_4)
                                                         net306 (net)
                      0.149351    0.001457   57.013222 v fanout305/A (sky130_fd_sc_hd__buf_4)
    10    0.056953    0.147569    0.379632   57.392857 v fanout305/X (sky130_fd_sc_hd__buf_4)
                                                         net305 (net)
                      0.147657    0.003332   57.396187 v _0985_/A (sky130_fd_sc_hd__inv_2)
     1    0.003777    0.055574    0.100947   57.497135 ^ _0985_/Y (sky130_fd_sc_hd__inv_2)
                                                         _0071_ (net)
                      0.055574    0.000199   57.497334 ^ _1143_/RESET_B (sky130_fd_sc_hd__dfrtp_1)
                                             57.497334   data arrival time

                                100.000000  100.000000   clock clk (rise edge)
                                  4.650000  104.649994   clock source latency
   318    0.961162    0.610000    0.000000  104.649994 ^ wb_clk_i (in)
                                                         wb_clk_i (net)
                      1.308200    0.349104  104.999100 ^ _1143_/CLK (sky130_fd_sc_hd__dfrtp_1)
                                 -0.250000  104.749100   clock uncertainty
                                  0.000000  104.749100   clock reconvergence pessimism
                                  0.879766  105.628868   library recovery time
                                            105.628868   data required time
---------------------------------------------------------------------------------------------
                                            105.628868   data required time
                                            -57.497334   data arrival time
---------------------------------------------------------------------------------------------
                                             48.131535   slack (MET)


Startpoint: wbs_adr_i[3] (input port clocked by clk)
Endpoint: wbs_dat_o[7] (output port clocked by clk)
Path Group: clk
Path Type: max

Fanout         Cap        Slew       Delay        Time   Description
---------------------------------------------------------------------------------------------
                                  0.000000    0.000000   clock clk (rise edge)
                                  5.570000    5.570000   clock network delay (propagated)
                                  3.890000    9.460000 v input external delay
    10    0.234665    0.920000    0.000000    9.460000 v wbs_adr_i[3] (in)
                                                         wbs_adr_i[3] (net)
                      0.998657    0.039329    9.499329 v hold6/A (sky130_fd_sc_hd__dlygate4sd3_1)
     4    0.044333    0.445719    1.897022   11.396351 v hold6/X (sky130_fd_sc_hd__dlygate4sd3_1)
                                                         net483 (net)
                      0.445871    0.007846   11.404197 v _0523_/C (sky130_fd_sc_hd__or4_4)
     4    0.028524    0.229887    1.224001   12.628199 v _0523_/X (sky130_fd_sc_hd__or4_4)
                                                         _0320_ (net)
                      0.229887    0.002613   12.630812 v _0528_/A (sky130_fd_sc_hd__or4_2)
     4    0.040263    0.432551    1.962404   14.593216 v _0528_/X (sky130_fd_sc_hd__or4_2)
                                                         _0325_ (net)
                      0.432581    0.004013   14.597229 v fanout292/A (sky130_fd_sc_hd__clkbuf_4)
    20    0.067632    0.248283    0.572548   15.169777 v fanout292/X (sky130_fd_sc_hd__clkbuf_4)
                                                         net292 (net)
                      0.248288    0.001803   15.171580 v fanout291/A (sky130_fd_sc_hd__buf_2)
    10    0.041782    0.196091    0.451495   15.623075 v fanout291/X (sky130_fd_sc_hd__buf_2)
                                                         net291 (net)
                      0.196277    0.005439   15.628514 v _0765_/B1 (sky130_fd_sc_hd__o32a_1)
     1    0.004618    0.136186    0.399996   16.028511 v _0765_/X (sky130_fd_sc_hd__o32a_1)
                                                         _0399_ (net)
                      0.136186    0.000295   16.028805 v _0766_/C1 (sky130_fd_sc_hd__o211a_1)
     1    0.008609    0.121894    0.278602   16.307407 v _0766_/X (sky130_fd_sc_hd__o211a_1)
                                                         _0400_ (net)
                      0.121895    0.000684   16.308092 v _0768_/B1 (sky130_fd_sc_hd__o221a_1)
     1    0.006906    0.130440    0.493875   16.801966 v _0768_/X (sky130_fd_sc_hd__o221a_1)
                                                         _0402_ (net)
                      0.130440    0.000483   16.802450 v _0770_/A2 (sky130_fd_sc_hd__o31a_2)
     2    0.052729    0.300141    0.878321   17.680771 v _0770_/X (sky130_fd_sc_hd__o31a_2)
                                                         net235 (net)
                      0.300748    0.011788   17.692558 v output235/A (sky130_fd_sc_hd__buf_12)
     1    0.191521    0.181330    0.453079   18.145638 v output235/X (sky130_fd_sc_hd__buf_12)
                                                         wbs_dat_o[7] (net)
                      0.182028    0.009683   18.155321 v wbs_dat_o[7] (out)
                                             18.155321   data arrival time

                                100.000000  100.000000   clock clk (rise edge)
                                  4.650000  104.649994   clock network delay (propagated)
                                 -0.250000  104.399994   clock uncertainty
                                  0.000000  104.399994   clock reconvergence pessimism
                                 -3.620000  100.779999   output external delay
                                            100.779999   data required time
---------------------------------------------------------------------------------------------
                                            100.779999   data required time
                                            -18.155321   data arrival time
---------------------------------------------------------------------------------------------
                                             82.624672   slack (MET)




===========================================================================
report_checks --slack_max -0.01
============================================================================
======================= max_ss_100C_1v60 Corner ===================================

No paths found.


===========================================================================
 report_check_types -max_slew -max_cap -max_fanout -violators
============================================================================
======================= max_ss_100C_1v60 Corner ===================================

max slew

Pin                                        Limit        Slew       Slack
------------------------------------------------------------------------
mprj.sample_team_proj_Wrapper/gpio_in[7]    1.500000    2.483243   -0.983243 (VIOLATED)
ANTENNA_mprj.sample_team_proj_Wrapper_gpio_in[7]/DIODE    1.500000    2.483241   -0.983241 (VIOLATED)
ANTENNA_mprj.sample_team_proj_Wrapper_gpio_in[20]/DIODE    1.500000    2.443393   -0.943393 (VIOLATED)
mprj.sample_team_proj_Wrapper/gpio_in[20]    1.500000    2.443358   -0.943359 (VIOLATED)
ANTENNA_mprj.sample_team_proj_Wrapper_la_data_in[122]/DIODE    1.500000    2.353426   -0.853426 (VIOLATED)
mprj.sample_team_proj_Wrapper/la_data_in[122]    1.500000    2.353383   -0.853383 (VIOLATED)
mprj.sample_team_proj_Wrapper/gpio_in[5]    1.500000    2.329861   -0.829861 (VIOLATED)
ANTENNA_mprj.sample_team_proj_Wrapper_gpio_in[5]/DIODE    1.500000    2.329859   -0.829859 (VIOLATED)
mprj.sample_team_proj_Wrapper/gpio_in[12]    1.500000    2.322708   -0.822708 (VIOLATED)
ANTENNA_mprj.sample_team_proj_Wrapper_gpio_in[12]/DIODE    1.500000    2.322705   -0.822705 (VIOLATED)
ANTENNA_mprj.sample_team_proj_Wrapper_la_data_in[121]/DIODE    1.500000    2.319299   -0.819300 (VIOLATED)
mprj.sample_team_proj_Wrapper/la_data_in[121]    1.500000    2.319257   -0.819257 (VIOLATED)
ANTENNA_mprj.sample_team_proj_Wrapper_gpio_in[13]/DIODE    1.500000    2.153370   -0.653370 (VIOLATED)
mprj.sample_team_proj_Wrapper/gpio_in[13]    1.500000    2.153273   -0.653273 (VIOLATED)
mprj.sample_team_proj_Wrapper/la_data_in[104]    1.500000    2.131294   -0.631295 (VIOLATED)
ANTENNA_mprj.sample_team_proj_Wrapper_la_data_in[104]/DIODE    1.500000    2.131284   -0.631284 (VIOLATED)
ANTENNA_mprj.sample_team_proj_Wrapper_gpio_in[15]/DIODE    1.500000    2.108817   -0.608817 (VIOLATED)
mprj.sample_team_proj_Wrapper/gpio_in[15]    1.500000    2.108778   -0.608778 (VIOLATED)
ANTENNA_mprj.sample_team_proj_Wrapper_gpio_in[9]/DIODE    1.500000    2.060674   -0.560674 (VIOLATED)
mprj.sample_team_proj_Wrapper/gpio_in[9]    1.500000    2.060635   -0.560635 (VIOLATED)
ANTENNA_mprj.sample_team_proj_Wrapper_gpio_in[8]/DIODE    1.500000    2.052868   -0.552868 (VIOLATED)
mprj.sample_team_proj_Wrapper/gpio_in[8]    1.500000    2.052738   -0.552738 (VIOLATED)
output7/A                               1.500000    2.034826   -0.534826 (VIOLATED)
ANTENNA_output7_A/DIODE                 1.500000    2.034537   -0.534537 (VIOLATED)
output5/A                               1.500000    2.029999   -0.529998 (VIOLATED)
ANTENNA_output5_A/DIODE                 1.500000    2.029722   -0.529722 (VIOLATED)
ANTENNA_mprj.sample_team_proj_Wrapper_gpio_in[19]/DIODE    1.500000    2.021255   -0.521255 (VIOLATED)
mprj.sample_team_proj_Wrapper/gpio_in[19]    1.500000    2.021216   -0.521216 (VIOLATED)
ANTENNA_mprj.sample_team_proj_Wrapper_gpio_in[16]/DIODE    1.500000    1.990919   -0.490919 (VIOLATED)
mprj.sample_team_proj_Wrapper/gpio_in[16]    1.500000    1.990828   -0.490828 (VIOLATED)
ANTENNA_mprj.sample_team_proj_Wrapper_la_data_in[100]/DIODE    1.500000    1.989373   -0.489373 (VIOLATED)
mprj.sample_team_proj_Wrapper/la_data_in[100]    1.500000    1.989330   -0.489330 (VIOLATED)
ANTENNA_mprj.sample_team_proj_Wrapper_la_data_in[105]/DIODE    1.500000    1.985963   -0.485963 (VIOLATED)
mprj.sample_team_proj_Wrapper/la_data_in[105]    1.500000    1.985921   -0.485921 (VIOLATED)
ANTENNA_mprj.sample_team_proj_Wrapper_la_data_in[119]/DIODE    1.500000    1.971814   -0.471814 (VIOLATED)
mprj.sample_team_proj_Wrapper/la_data_in[119]    1.500000    1.971772   -0.471772 (VIOLATED)
ANTENNA_mprj.sample_team_proj_Wrapper_la_data_in[124]/DIODE    1.500000    1.944244   -0.444244 (VIOLATED)
mprj.sample_team_proj_Wrapper/la_data_in[124]    1.500000    1.944201   -0.444201 (VIOLATED)
mprj.sample_team_proj_Wrapper/wb_clk_i    1.500000    1.931731   -0.431731 (VIOLATED)
ANTENNA_mprj.sample_team_proj_Wrapper_wb_clk_i/DIODE    1.500000    1.931724   -0.431724 (VIOLATED)
ANTENNA_mprj.sample_team_proj_Wrapper_la_data_in[120]/DIODE    1.500000    1.900630   -0.400630 (VIOLATED)
mprj.sample_team_proj_Wrapper/la_data_in[120]    1.500000    1.900588   -0.400588 (VIOLATED)
ANTENNA_mprj.sample_team_proj_Wrapper_gpio_in[10]/DIODE    1.500000    1.897337   -0.397337 (VIOLATED)
mprj.sample_team_proj_Wrapper/gpio_in[10]    1.500000    1.897222   -0.397222 (VIOLATED)
ANTENNA_mprj.sample_team_proj_Wrapper_la_data_in[126]/DIODE    1.500000    1.876335   -0.376335 (VIOLATED)
mprj.sample_team_proj_Wrapper/la_data_in[126]    1.500000    1.876293   -0.376293 (VIOLATED)
ANTENNA_mprj.sample_team_proj_Wrapper_la_data_in[101]/DIODE    1.500000    1.875780   -0.375780 (VIOLATED)
mprj.sample_team_proj_Wrapper/la_data_in[101]    1.500000    1.875737   -0.375737 (VIOLATED)
ANTENNA_mprj.sample_team_proj_Wrapper_la_data_in[127]/DIODE    1.500000    1.873367   -0.373367 (VIOLATED)
mprj.sample_team_proj_Wrapper/la_data_in[127]    1.500000    1.873325   -0.373325 (VIOLATED)
ANTENNA_mprj.sample_team_proj_Wrapper_gpio_in[17]/DIODE    1.500000    1.862862   -0.362862 (VIOLATED)
mprj.sample_team_proj_Wrapper/gpio_in[17]    1.500000    1.862820   -0.362820 (VIOLATED)
output45/A                              1.500000    1.850969   -0.350969 (VIOLATED)
ANTENNA_output45_A/DIODE                1.500000    1.850686   -0.350686 (VIOLATED)
ANTENNA_mprj.sample_team_proj_Wrapper_la_data_in[102]/DIODE    1.500000    1.844605   -0.344605 (VIOLATED)
mprj.sample_team_proj_Wrapper/la_data_in[102]    1.500000    1.844562   -0.344563 (VIOLATED)
ANTENNA__1202__CLK/DIODE                1.500000    1.842794   -0.342794 (VIOLATED)
_1202_/CLK                              1.500000    1.842633   -0.342633 (VIOLATED)
_1138_/CLK                              1.500000    1.841705   -0.341705 (VIOLATED)
ANTENNA__1170__CLK/DIODE                1.500000    1.841313   -0.341314 (VIOLATED)
_1200_/CLK                              1.500000    1.841064   -0.341064 (VIOLATED)
ANTENNA__1138__CLK/DIODE                1.500000    1.841041   -0.341042 (VIOLATED)
ANTENNA__1105__CLK/DIODE                1.500000    1.840928   -0.340928 (VIOLATED)
_1105_/CLK                              1.500000    1.840874   -0.340874 (VIOLATED)
_1201_/CLK                              1.500000    1.837673   -0.337673 (VIOLATED)
ANTENNA__1203__CLK/DIODE                1.500000    1.837597   -0.337597 (VIOLATED)
_1203_/CLK                              1.500000    1.836092   -0.336092 (VIOLATED)
_1172_/CLK                              1.500000    1.834623   -0.334623 (VIOLATED)
ANTENNA__1109__CLK/DIODE                1.500000    1.834469   -0.334469 (VIOLATED)
_1107_/CLK                              1.500000    1.834450   -0.334450 (VIOLATED)
_1109_/CLK                              1.500000    1.834366   -0.334366 (VIOLATED)
ANTENNA__1142__CLK/DIODE                1.500000    1.834361   -0.334362 (VIOLATED)
_1142_/CLK                              1.500000    1.834342   -0.334342 (VIOLATED)
ANTENNA__1174__CLK/DIODE                1.500000    1.833675   -0.333675 (VIOLATED)
_1174_/CLK                              1.500000    1.833675   -0.333675 (VIOLATED)
ANTENNA_mprj.sample_team_proj_Wrapper_la_data_in[109]/DIODE    1.500000    1.833673   -0.333673 (VIOLATED)
_1103_/CLK                              1.500000    1.833652   -0.333652 (VIOLATED)
mprj.sample_team_proj_Wrapper/la_data_in[109]    1.500000    1.833631   -0.333631 (VIOLATED)
ANTENNA__1106__CLK/DIODE                1.500000    1.833606   -0.333607 (VIOLATED)
_1106_/CLK                              1.500000    1.833462   -0.333462 (VIOLATED)
ANTENNA__1139__CLK/DIODE                1.500000    1.833391   -0.333391 (VIOLATED)
_1139_/CLK                              1.500000    1.833284   -0.333284 (VIOLATED)
_1170_/CLK                              1.500000    1.833102   -0.333102 (VIOLATED)
ANTENNA__1205__CLK/DIODE                1.500000    1.833095   -0.333095 (VIOLATED)
ANTENNA__1206__CLK/DIODE                1.500000    1.833082   -0.333082 (VIOLATED)
ANTENNA__1171__CLK/DIODE                1.500000    1.832636   -0.332636 (VIOLATED)
_1173_/CLK                              1.500000    1.832570   -0.332570 (VIOLATED)
_1171_/CLK                              1.500000    1.832514   -0.332514 (VIOLATED)
ANTENNA__1173__CLK/DIODE                1.500000    1.832495   -0.332495 (VIOLATED)
_1141_/CLK                              1.500000    1.831384   -0.331384 (VIOLATED)
_1205_/CLK                              1.500000    1.831352   -0.331352 (VIOLATED)
ANTENNA__1141__CLK/DIODE                1.500000    1.831329   -0.331329 (VIOLATED)
_1206_/CLK                              1.500000    1.831318   -0.331319 (VIOLATED)
_1108_/CLK                              1.500000    1.831246   -0.331246 (VIOLATED)
ANTENNA__1215__CLK/DIODE                1.500000    1.829479   -0.329479 (VIOLATED)
ANTENNA__1088__CLK/DIODE                1.500000    1.829444   -0.329444 (VIOLATED)
ANTENNA__1108__CLK/DIODE                1.500000    1.829431   -0.329432 (VIOLATED)
_1088_/CLK                              1.500000    1.829415   -0.329415 (VIOLATED)
_1121_/CLK                              1.500000    1.829180   -0.329180 (VIOLATED)
_1153_/CLK                              1.500000    1.828961   -0.328961 (VIOLATED)
ANTENNA__1121__CLK/DIODE                1.500000    1.828960   -0.328960 (VIOLATED)
ANTENNA__1153__CLK/DIODE                1.500000    1.828929   -0.328929 (VIOLATED)
ANTENNA__1120__CLK/DIODE                1.500000    1.828864   -0.328864 (VIOLATED)
_1120_/CLK                              1.500000    1.828379   -0.328379 (VIOLATED)
ANTENNA_mprj.sample_team_proj_Wrapper_la_data_in[123]/DIODE    1.500000    1.827173   -0.327173 (VIOLATED)
mprj.sample_team_proj_Wrapper/la_data_in[123]    1.500000    1.827131   -0.327131 (VIOLATED)
_1179_/CLK                              1.500000    1.827077   -0.327077 (VIOLATED)
_1210_/CLK                              1.500000    1.826962   -0.326962 (VIOLATED)
ANTENNA__1210__CLK/DIODE                1.500000    1.826928   -0.326928 (VIOLATED)
_1178_/CLK                              1.500000    1.826786   -0.326786 (VIOLATED)
ANTENNA__1178__CLK/DIODE                1.500000    1.826739   -0.326740 (VIOLATED)
_1087_/CLK                              1.500000    1.826550   -0.326551 (VIOLATED)
ANTENNA__1087__CLK/DIODE                1.500000    1.826517   -0.326517 (VIOLATED)
_1177_/CLK                              1.500000    1.826409   -0.326409 (VIOLATED)
ANTENNA__1177__CLK/DIODE                1.500000    1.826397   -0.326397 (VIOLATED)
_1207_/CLK                              1.500000    1.826199   -0.326199 (VIOLATED)
ANTENNA__1207__CLK/DIODE                1.500000    1.826177   -0.326177 (VIOLATED)
ANTENNA__1179__CLK/DIODE                1.500000    1.825805   -0.325805 (VIOLATED)
_1209_/CLK                              1.500000    1.825721   -0.325721 (VIOLATED)
ANTENNA__1209__CLK/DIODE                1.500000    1.825670   -0.325671 (VIOLATED)
_1175_/CLK                              1.500000    1.825535   -0.325535 (VIOLATED)
ANTENNA__1175__CLK/DIODE                1.500000    1.825503   -0.325503 (VIOLATED)
_1176_/CLK                              1.500000    1.825367   -0.325367 (VIOLATED)
ANTENNA__1176__CLK/DIODE                1.500000    1.825352   -0.325353 (VIOLATED)
ANTENNA__1211__CLK/DIODE                1.500000    1.825341   -0.325341 (VIOLATED)
_1211_/CLK                              1.500000    1.825307   -0.325307 (VIOLATED)
ANTENNA__1116__CLK/DIODE                1.500000    1.824661   -0.324662 (VIOLATED)
_1168_/CLK                              1.500000    1.824561   -0.324562 (VIOLATED)
_1208_/CLK                              1.500000    1.824337   -0.324337 (VIOLATED)
ANTENNA__1208__CLK/DIODE                1.500000    1.824281   -0.324281 (VIOLATED)
_1116_/CLK                              1.500000    1.823926   -0.323926 (VIOLATED)
_1148_/CLK                              1.500000    1.823546   -0.323546 (VIOLATED)
ANTENNA__1148__CLK/DIODE                1.500000    1.823518   -0.323518 (VIOLATED)
ANTENNA__1145__CLK/DIODE                1.500000    1.823504   -0.323504 (VIOLATED)
_1146_/CLK                              1.500000    1.823476   -0.323476 (VIOLATED)
ANTENNA__1146__CLK/DIODE                1.500000    1.823459   -0.323459 (VIOLATED)
_1077_/CLK                              1.500000    1.821505   -0.321505 (VIOLATED)
ANTENNA__1077__CLK/DIODE                1.500000    1.821458   -0.321458 (VIOLATED)
_1076_/CLK                              1.500000    1.821284   -0.321284 (VIOLATED)
ANTENNA__1076__CLK/DIODE                1.500000    1.821242   -0.321242 (VIOLATED)
_1075_/CLK                              1.500000    1.821061   -0.321061 (VIOLATED)
_1216_/CLK                              1.500000    1.821039   -0.321039 (VIOLATED)
ANTENNA__1075__CLK/DIODE                1.500000    1.821036   -0.321036 (VIOLATED)
_1074_/CLK                              1.500000    1.820991   -0.320991 (VIOLATED)
ANTENNA__1074__CLK/DIODE                1.500000    1.820461   -0.320461 (VIOLATED)
_1180_/CLK                              1.500000    1.820172   -0.320172 (VIOLATED)
ANTENNA__1149__CLK/DIODE                1.500000    1.820123   -0.320123 (VIOLATED)
_1149_/CLK                              1.500000    1.820014   -0.320014 (VIOLATED)
ANTENNA__1180__CLK/DIODE                1.500000    1.819705   -0.319705 (VIOLATED)
_1212_/CLK                              1.500000    1.819643   -0.319643 (VIOLATED)
ANTENNA__1212__CLK/DIODE                1.500000    1.818893   -0.318893 (VIOLATED)
_1214_/CLK                              1.500000    1.818773   -0.318773 (VIOLATED)
ANTENNA__1214__CLK/DIODE                1.500000    1.817956   -0.317956 (VIOLATED)
_1213_/CLK                              1.500000    1.817192   -0.317192 (VIOLATED)
_1181_/CLK                              1.500000    1.817172   -0.317172 (VIOLATED)
ANTENNA__1213__CLK/DIODE                1.500000    1.817158   -0.317159 (VIOLATED)
ANTENNA__1181__CLK/DIODE                1.500000    1.816965   -0.316965 (VIOLATED)
_1182_/CLK                              1.500000    1.816803   -0.316803 (VIOLATED)
ANTENNA__1182__CLK/DIODE                1.500000    1.815600   -0.315600 (VIOLATED)
ANTENNA_mprj.sample_team_proj_Wrapper_la_data_in[125]/DIODE    1.500000    1.815458   -0.315458 (VIOLATED)
mprj.sample_team_proj_Wrapper/la_data_in[125]    1.500000    1.815415   -0.315415 (VIOLATED)
ANTENNA__1150__CLK/DIODE                1.500000    1.814820   -0.314820 (VIOLATED)
_1150_/CLK                              1.500000    1.814636   -0.314636 (VIOLATED)
_1152_/CLK                              1.500000    1.812577   -0.312577 (VIOLATED)
ANTENNA__1152__CLK/DIODE                1.500000    1.812545   -0.312545 (VIOLATED)
ANTENNA__1168__CLK/DIODE                1.500000    1.812193   -0.312193 (VIOLATED)
_1197_/CLK                              1.500000    1.811342   -0.311342 (VIOLATED)
ANTENNA_mprj.sample_team_proj_Wrapper_la_data_in[103]/DIODE    1.500000    1.811066   -0.311066 (VIOLATED)
mprj.sample_team_proj_Wrapper/la_data_in[103]    1.500000    1.811024   -0.311024 (VIOLATED)
ANTENNA_mprj.sample_team_proj_Wrapper_la_data_in[118]/DIODE    1.500000    1.809308   -0.309308 (VIOLATED)
mprj.sample_team_proj_Wrapper/la_data_in[118]    1.500000    1.809265   -0.309265 (VIOLATED)
ANTENNA__1217__CLK/DIODE                1.500000    1.809203   -0.309203 (VIOLATED)
_1217_/CLK                              1.500000    1.809192   -0.309192 (VIOLATED)
_1185_/CLK                              1.500000    1.809185   -0.309185 (VIOLATED)
ANTENNA__1185__CLK/DIODE                1.500000    1.809165   -0.309165 (VIOLATED)
ANTENNA__1197__CLK/DIODE                1.500000    1.808529   -0.308529 (VIOLATED)
_1099_/CLK                              1.500000    1.808471   -0.308471 (VIOLATED)
_1229_/CLK                              1.500000    1.808072   -0.308072 (VIOLATED)
_1165_/CLK                              1.500000    1.808003   -0.308004 (VIOLATED)
ANTENNA__1103__CLK/DIODE                1.500000    1.807978   -0.307978 (VIOLATED)
ANTENNA__1165__CLK/DIODE                1.500000    1.807918   -0.307918 (VIOLATED)
output4/A                               1.500000    1.807497   -0.307497 (VIOLATED)
ANTENNA_output4_A/DIODE                 1.500000    1.807208   -0.307208 (VIOLATED)
ANTENNA__1099__CLK/DIODE                1.500000    1.805363   -0.305363 (VIOLATED)
_1130_/CLK                              1.500000    1.804623   -0.304624 (VIOLATED)
ANTENNA_mprj.sample_team_proj_Wrapper_la_data_in[113]/DIODE    1.500000    1.800683   -0.300683 (VIOLATED)
mprj.sample_team_proj_Wrapper/la_data_in[113]    1.500000    1.800641   -0.300641 (VIOLATED)
_1097_/CLK                              1.500000    1.799768   -0.299769 (VIOLATED)
_1218_/CLK                              1.500000    1.798607   -0.298607 (VIOLATED)
ANTENNA__1218__CLK/DIODE                1.500000    1.798573   -0.298573 (VIOLATED)
_1186_/CLK                              1.500000    1.798560   -0.298560 (VIOLATED)
ANTENNA__1186__CLK/DIODE                1.500000    1.798525   -0.298525 (VIOLATED)
_1155_/CLK                              1.500000    1.798170   -0.298170 (VIOLATED)
ANTENNA__1155__CLK/DIODE                1.500000    1.798151   -0.298151 (VIOLATED)
_1154_/CLK                              1.500000    1.796917   -0.296917 (VIOLATED)
ANTENNA__1154__CLK/DIODE                1.500000    1.796884   -0.296884 (VIOLATED)
ANTENNA__1201__CLK/DIODE                1.500000    1.796217   -0.296217 (VIOLATED)
_1101_/CLK                              1.500000    1.796196   -0.296196 (VIOLATED)
_1132_/CLK                              1.500000    1.796190   -0.296190 (VIOLATED)
ANTENNA__1101__CLK/DIODE                1.500000    1.796165   -0.296165 (VIOLATED)
_1134_/CLK                              1.500000    1.795812   -0.295812 (VIOLATED)
ANTENNA__1200__CLK/DIODE                1.500000    1.795790   -0.295790 (VIOLATED)
ANTENNA__1134__CLK/DIODE                1.500000    1.795711   -0.295711 (VIOLATED)
_1166_/CLK                              1.500000    1.795550   -0.295550 (VIOLATED)
_1196_/CLK                              1.500000    1.793713   -0.293713 (VIOLATED)
ANTENNA__1164__CLK/DIODE                1.500000    1.793666   -0.293666 (VIOLATED)
_1228_/CLK                              1.500000    1.793510   -0.293510 (VIOLATED)
ANTENNA__1198__CLK/DIODE                1.500000    1.793162   -0.293162 (VIOLATED)
_1156_/CLK                              1.500000    1.790273   -0.290273 (VIOLATED)
ANTENNA__1156__CLK/DIODE                1.500000    1.790039   -0.290039 (VIOLATED)
_1164_/CLK                              1.500000    1.787889   -0.287889 (VIOLATED)
_1198_/CLK                              1.500000    1.787814   -0.287814 (VIOLATED)
_1230_/CLK                              1.500000    1.787593   -0.287593 (VIOLATED)
ANTENNA__1230__CLK/DIODE                1.500000    1.786677   -0.286677 (VIOLATED)
_1162_/CLK                              1.500000    1.786459   -0.286459 (VIOLATED)
_1188_/CLK                              1.500000    1.784411   -0.284411 (VIOLATED)
ANTENNA__1188__CLK/DIODE                1.500000    1.784394   -0.284394 (VIOLATED)
_1220_/CLK                              1.500000    1.784393   -0.284393 (VIOLATED)
ANTENNA__1220__CLK/DIODE                1.500000    1.784389   -0.284389 (VIOLATED)
ANTENNA__1132__CLK/DIODE                1.500000    1.783613   -0.283613 (VIOLATED)
_1161_/CLK                              1.500000    1.783544   -0.283544 (VIOLATED)
ANTENNA__1166__CLK/DIODE                1.500000    1.783408   -0.283408 (VIOLATED)
ANTENNA__1162__CLK/DIODE                1.500000    1.782174   -0.282174 (VIOLATED)
ANTENNA__1231__CLK/DIODE                1.500000    1.780164   -0.280164 (VIOLATED)
_1223_/CLK                              1.500000    1.780046   -0.280046 (VIOLATED)
_1231_/CLK                              1.500000    1.780025   -0.280025 (VIOLATED)
_1184_/CLK                              1.500000    1.778208   -0.278208 (VIOLATED)
ANTENNA__1216__CLK/DIODE                1.500000    1.778165   -0.278165 (VIOLATED)
ANTENNA__1184__CLK/DIODE                1.500000    1.778006   -0.278006 (VIOLATED)
_1219_/CLK                              1.500000    1.777864   -0.277864 (VIOLATED)
ANTENNA__1219__CLK/DIODE                1.500000    1.777835   -0.277835 (VIOLATED)
_1187_/CLK                              1.500000    1.777445   -0.277446 (VIOLATED)
ANTENNA__1187__CLK/DIODE                1.500000    1.777429   -0.277429 (VIOLATED)
ANTENNA__1222__CLK/DIODE                1.500000    1.776857   -0.276857 (VIOLATED)
ANTENNA__1223__CLK/DIODE                1.500000    1.776328   -0.276328 (VIOLATED)
ANTENNA__1191__CLK/DIODE                1.500000    1.776316   -0.276316 (VIOLATED)
_1222_/CLK                              1.500000    1.776316   -0.276316 (VIOLATED)
ANTENNA__1190__CLK/DIODE                1.500000    1.776314   -0.276315 (VIOLATED)
ANTENNA__1225__CLK/DIODE                1.500000    1.776234   -0.276234 (VIOLATED)
ANTENNA__1196__CLK/DIODE                1.500000    1.776060   -0.276060 (VIOLATED)
_1194_/CLK                              1.500000    1.776055   -0.276056 (VIOLATED)
_1190_/CLK                              1.500000    1.776049   -0.276049 (VIOLATED)
_1193_/CLK                              1.500000    1.775926   -0.275926 (VIOLATED)
_1225_/CLK                              1.500000    1.775882   -0.275882 (VIOLATED)
_1226_/CLK                              1.500000    1.775877   -0.275877 (VIOLATED)
ANTENNA__1228__CLK/DIODE                1.500000    1.775863   -0.275863 (VIOLATED)
ANTENNA__1194__CLK/DIODE                1.500000    1.775851   -0.275851 (VIOLATED)
ANTENNA__1193__CLK/DIODE                1.500000    1.775773   -0.275773 (VIOLATED)
ANTENNA__1226__CLK/DIODE                1.500000    1.775703   -0.275703 (VIOLATED)
_1191_/CLK                              1.500000    1.774094   -0.274094 (VIOLATED)
_1158_/CLK                              1.500000    1.772322   -0.272322 (VIOLATED)
ANTENNA__1158__CLK/DIODE                1.500000    1.772307   -0.272307 (VIOLATED)
ANTENNA__1161__CLK/DIODE                1.500000    1.763313   -0.263313 (VIOLATED)
_1159_/CLK                              1.500000    1.744127   -0.244127 (VIOLATED)
mprj.sample_team_proj_Wrapper/la_data_in[108]    1.500000    1.731731   -0.231731 (VIOLATED)
ANTENNA_mprj.sample_team_proj_Wrapper_la_data_in[108]/DIODE    1.500000    1.731705   -0.231705 (VIOLATED)
ANTENNA__1130__CLK/DIODE                1.500000    1.727739   -0.227739 (VIOLATED)
ANTENNA__1097__CLK/DIODE                1.500000    1.725241   -0.225241 (VIOLATED)
ANTENNA__1129__CLK/DIODE                1.500000    1.725188   -0.225188 (VIOLATED)
ANTENNA__1159__CLK/DIODE                1.500000    1.719640   -0.219640 (VIOLATED)
_1126_/CLK                              1.500000    1.702627   -0.202627 (VIOLATED)
ANTENNA__1126__CLK/DIODE                1.500000    1.702602   -0.202602 (VIOLATED)
_1127_/CLK                              1.500000    1.702397   -0.202397 (VIOLATED)
ANTENNA__1127__CLK/DIODE                1.500000    1.702392   -0.202392 (VIOLATED)
ANTENNA__1096__CLK/DIODE                1.500000    1.681049   -0.181049 (VIOLATED)
_1094_/CLK                              1.500000    1.680194   -0.180194 (VIOLATED)
ANTENNA__1093__CLK/DIODE                1.500000    1.678065   -0.178065 (VIOLATED)
ANTENNA__1094__CLK/DIODE                1.500000    1.678043   -0.178044 (VIOLATED)
output46/A                              1.500000    1.663921   -0.163921 (VIOLATED)
ANTENNA_output46_A/DIODE                1.500000    1.663621   -0.163621 (VIOLATED)
_1093_/CLK                              1.500000    1.662257   -0.162257 (VIOLATED)
output40/A                              1.500000    1.659430   -0.159430 (VIOLATED)
ANTENNA_output40_A/DIODE                1.500000    1.659136   -0.159136 (VIOLATED)
ANTENNA_mprj.sample_team_proj_Wrapper_gpio_in[18]/DIODE    1.500000    1.651544   -0.151544 (VIOLATED)
mprj.sample_team_proj_Wrapper/gpio_in[18]    1.500000    1.651457   -0.151457 (VIOLATED)
ANTENNA_mprj.sample_team_proj_Wrapper_la_data_in[115]/DIODE    1.500000    1.639957   -0.139957 (VIOLATED)
_1124_/CLK                              1.500000    1.639923   -0.139923 (VIOLATED)
mprj.sample_team_proj_Wrapper/la_data_in[115]    1.500000    1.639909   -0.139909 (VIOLATED)
ANTENNA__1124__CLK/DIODE                1.500000    1.636715   -0.136715 (VIOLATED)
ANTENNA_mprj.sample_team_proj_Wrapper_la_data_in[111]/DIODE    1.500000    1.629192   -0.129192 (VIOLATED)
mprj.sample_team_proj_Wrapper/la_data_in[111]    1.500000    1.629150   -0.129150 (VIOLATED)
ANTENNA_mprj.sample_team_proj_Wrapper_la_data_in[117]/DIODE    1.500000    1.621638   -0.121638 (VIOLATED)
mprj.sample_team_proj_Wrapper/la_data_in[117]    1.500000    1.621596   -0.121596 (VIOLATED)
ANTENNA_mprj.sample_team_proj_Wrapper_la_data_in[116]/DIODE    1.500000    1.618980   -0.118980 (VIOLATED)
mprj.sample_team_proj_Wrapper/la_data_in[116]    1.500000    1.618937   -0.118937 (VIOLATED)
_1123_/CLK                              1.500000    1.618044   -0.118044 (VIOLATED)
ANTENNA__1123__CLK/DIODE                1.500000    1.617979   -0.117979 (VIOLATED)
_1090_/CLK                              1.500000    1.617937   -0.117937 (VIOLATED)
_1091_/CLK                              1.500000    1.616232   -0.116232 (VIOLATED)
ANTENNA__1091__CLK/DIODE                1.500000    1.612802   -0.112802 (VIOLATED)
ANTENNA_mprj.sample_team_proj_Wrapper_gpio_in[24]/DIODE    1.500000    1.609238   -0.109238 (VIOLATED)
mprj.sample_team_proj_Wrapper/gpio_in[24]    1.500000    1.609145   -0.109145 (VIOLATED)
ANTENNA_mprj.sample_team_proj_Wrapper_la_data_in[114]/DIODE    1.500000    1.609010   -0.109010 (VIOLATED)
mprj.sample_team_proj_Wrapper/la_data_in[114]    1.500000    1.608972   -0.108972 (VIOLATED)
ANTENNA_mprj.sample_team_proj_Wrapper_la_data_in[112]/DIODE    1.500000    1.608633   -0.108633 (VIOLATED)
mprj.sample_team_proj_Wrapper/la_data_in[112]    1.500000    1.608590   -0.108590 (VIOLATED)
ANTENNA_mprj.sample_team_proj_Wrapper_la_data_in[107]/DIODE    1.500000    1.606032   -0.106032 (VIOLATED)
mprj.sample_team_proj_Wrapper/la_data_in[107]    1.500000    1.605989   -0.105990 (VIOLATED)
output17/A                              1.500000    1.597172   -0.097172 (VIOLATED)
ANTENNA_output17_A/DIODE                1.500000    1.596875   -0.096875 (VIOLATED)
ANTENNA__1090__CLK/DIODE                1.500000    1.589668   -0.089668 (VIOLATED)
ANTENNA_mprj.sample_team_proj_Wrapper_gpio_in[21]/DIODE    1.500000    1.584030   -0.084030 (VIOLATED)
mprj.sample_team_proj_Wrapper/gpio_in[21]    1.500000    1.583947   -0.083947 (VIOLATED)
ANTENNA_mprj.sample_team_proj_Wrapper_la_data_in[106]/DIODE    1.500000    1.583932   -0.083932 (VIOLATED)
mprj.sample_team_proj_Wrapper/la_data_in[106]    1.500000    1.583890   -0.083890 (VIOLATED)
_1204_/CLK                              1.500000    1.581106   -0.081106 (VIOLATED)
_1140_/CLK                              1.500000    1.581097   -0.081098 (VIOLATED)
ANTENNA__1107__CLK/DIODE                1.500000    1.580864   -0.080864 (VIOLATED)
ANTENNA__1204__CLK/DIODE                1.500000    1.580463   -0.080463 (VIOLATED)
ANTENNA__1172__CLK/DIODE                1.500000    1.580354   -0.080354 (VIOLATED)
_1137_/CLK                              1.500000    1.580216   -0.080216 (VIOLATED)
ANTENNA__1140__CLK/DIODE                1.500000    1.580100   -0.080100 (VIOLATED)
_1104_/CLK                              1.500000    1.579661   -0.079661 (VIOLATED)
_1136_/CLK                              1.500000    1.579268   -0.079268 (VIOLATED)
ANTENNA__1136__CLK/DIODE                1.500000    1.579246   -0.079246 (VIOLATED)
_1169_/CLK                              1.500000    1.579153   -0.079153 (VIOLATED)
ANTENNA__1169__CLK/DIODE                1.500000    1.579128   -0.079128 (VIOLATED)
_1102_/CLK                              1.500000    1.579098   -0.079098 (VIOLATED)
_1199_/CLK                              1.500000    1.579041   -0.079041 (VIOLATED)
ANTENNA__1137__CLK/DIODE                1.500000    1.578925   -0.078925 (VIOLATED)
ANTENNA__1104__CLK/DIODE                1.500000    1.577982   -0.077982 (VIOLATED)
_1167_/CLK                              1.500000    1.577835   -0.077835 (VIOLATED)
_1163_/CLK                              1.500000    1.576251   -0.076251 (VIOLATED)
ANTENNA__1167__CLK/DIODE                1.500000    1.576145   -0.076145 (VIOLATED)
_1183_/CLK                              1.500000    1.575292   -0.075292 (VIOLATED)
ANTENNA__1199__CLK/DIODE                1.500000    1.575028   -0.075028 (VIOLATED)
_1133_/CLK                              1.500000    1.574929   -0.074929 (VIOLATED)
_1100_/CLK                              1.500000    1.574913   -0.074913 (VIOLATED)
ANTENNA__1100__CLK/DIODE                1.500000    1.574883   -0.074883 (VIOLATED)
_1195_/CLK                              1.500000    1.574856   -0.074856 (VIOLATED)
ANTENNA__1195__CLK/DIODE                1.500000    1.573990   -0.073990 (VIOLATED)
_1131_/CLK                              1.500000    1.572431   -0.072431 (VIOLATED)
ANTENNA__1163__CLK/DIODE                1.500000    1.570696   -0.070696 (VIOLATED)
ANTENNA__1131__CLK/DIODE                1.500000    1.569856   -0.069856 (VIOLATED)
_1129_/CLK                              1.500000    1.569534   -0.069534 (VIOLATED)
ANTENNA__1229__CLK/DIODE                1.500000    1.569313   -0.069313 (VIOLATED)
ANTENNA__1133__CLK/DIODE                1.500000    1.569204   -0.069204 (VIOLATED)
_1096_/CLK                              1.500000    1.568955   -0.068955 (VIOLATED)
_1227_/CLK                              1.500000    1.568630   -0.068630 (VIOLATED)
ANTENNA__1227__CLK/DIODE                1.500000    1.568609   -0.068609 (VIOLATED)
_1160_/CLK                              1.500000    1.567855   -0.067855 (VIOLATED)
_1135_/CLK                              1.500000    1.566849   -0.066849 (VIOLATED)
ANTENNA__1102__CLK/DIODE                1.500000    1.566737   -0.066737 (VIOLATED)
ANTENNA__1135__CLK/DIODE                1.500000    1.566679   -0.066679 (VIOLATED)
_1098_/CLK                              1.500000    1.566664   -0.066664 (VIOLATED)
ANTENNA__1098__CLK/DIODE                1.500000    1.566639   -0.066639 (VIOLATED)
_1192_/CLK                              1.500000    1.566202   -0.066202 (VIOLATED)
ANTENNA__1192__CLK/DIODE                1.500000    1.565897   -0.065897 (VIOLATED)
ANTENNA__1160__CLK/DIODE                1.500000    1.565705   -0.065705 (VIOLATED)
output47/A                              1.500000    1.564039   -0.064039 (VIOLATED)
ANTENNA_output47_A/DIODE                1.500000    1.563339   -0.063339 (VIOLATED)
ANTENNA__1128__CLK/DIODE                1.500000    1.561057   -0.061057 (VIOLATED)
_1128_/CLK                              1.500000    1.558376   -0.058377 (VIOLATED)
_1224_/CLK                              1.500000    1.555423   -0.055423 (VIOLATED)
ANTENNA__1224__CLK/DIODE                1.500000    1.552442   -0.052442 (VIOLATED)
output42/A                              1.500000    1.549794   -0.049794 (VIOLATED)
ANTENNA_output42_A/DIODE                1.500000    1.549506   -0.049506 (VIOLATED)
_1189_/CLK                              1.500000    1.548253   -0.048254 (VIOLATED)
ANTENNA__1095__CLK/DIODE                1.500000    1.547749   -0.047749 (VIOLATED)
_1095_/CLK                              1.500000    1.547673   -0.047673 (VIOLATED)
_1157_/CLK                              1.500000    1.547593   -0.047593 (VIOLATED)
_1092_/CLK                              1.500000    1.547451   -0.047451 (VIOLATED)
ANTENNA__1189__CLK/DIODE                1.500000    1.544376   -0.044376 (VIOLATED)
ANTENNA__1157__CLK/DIODE                1.500000    1.544165   -0.044165 (VIOLATED)
ANTENNA__1183__CLK/DIODE                1.500000    1.543636   -0.043636 (VIOLATED)
ANTENNA__1092__CLK/DIODE                1.500000    1.539585   -0.039585 (VIOLATED)
_1221_/CLK                              1.500000    1.539303   -0.039303 (VIOLATED)
ANTENNA__1221__CLK/DIODE                1.500000    1.539224   -0.039224 (VIOLATED)
ANTENNA__1089__CLK/DIODE                1.500000    1.538120   -0.038120 (VIOLATED)
_1151_/CLK                              1.500000    1.536582   -0.036582 (VIOLATED)
_1125_/CLK                              1.500000    1.535966   -0.035966 (VIOLATED)
ANTENNA__1125__CLK/DIODE                1.500000    1.535537   -0.035537 (VIOLATED)
_1122_/CLK                              1.500000    1.529882   -0.029883 (VIOLATED)
ANTENNA__1122__CLK/DIODE                1.500000    1.526020   -0.026020 (VIOLATED)
_1089_/CLK                              1.500000    1.524129   -0.024129 (VIOLATED)
ANTENNA__1151__CLK/DIODE                1.500000    1.519635   -0.019635 (VIOLATED)
_1110_/CLK                              1.500000    1.510822   -0.010822 (VIOLATED)
ANTENNA__1119__CLK/DIODE                1.500000    1.510773   -0.010773 (VIOLATED)
_1119_/CLK                              1.500000    1.510752   -0.010752 (VIOLATED)
_1215_/CLK                              1.500000    1.510721   -0.010721 (VIOLATED)

max fanout

Pin                                   Limit Fanout  Slack
---------------------------------------------------------
wb_clk_i                                 10    317   -307 (VIOLATED)
wbs_dat_i[14]                            10     95    -85 (VIOLATED)
wbs_dat_i[17]                            10     94    -84 (VIOLATED)
wbs_dat_i[15]                            10     93    -83 (VIOLATED)
wbs_dat_i[20]                            10     83    -73 (VIOLATED)
wbs_dat_i[22]                            10     83    -73 (VIOLATED)
wbs_dat_i[25]                            10     83    -73 (VIOLATED)
wbs_dat_i[30]                            10     81    -71 (VIOLATED)
wbs_dat_i[28]                            10     54    -44 (VIOLATED)
wbs_dat_i[18]                            10     47    -37 (VIOLATED)
wbs_dat_i[19]                            10     47    -37 (VIOLATED)
wbs_dat_i[21]                            10     47    -37 (VIOLATED)
wbs_dat_i[24]                            10     47    -37 (VIOLATED)
mprj.sample_team_proj_Wrapper/wbs_dat_o[28]     10     47    -37 (VIOLATED)
mprj.sample_team_proj_Wrapper/wbs_dat_o[27]     10     43    -33 (VIOLATED)
mprj.sample_team_proj_Wrapper/wbs_dat_o[30]     10     43    -33 (VIOLATED)
wbs_dat_i[26]                            10     41    -31 (VIOLATED)
mprj.sample_team_proj_Wrapper/wbs_dat_o[26]     10     40    -30 (VIOLATED)
wbs_dat_i[5]                             10     33    -23 (VIOLATED)
wbs_adr_i[15]                            10     27    -17 (VIOLATED)
wbs_dat_i[16]                            10     27    -17 (VIOLATED)
wbs_dat_i[23]                            10     27    -17 (VIOLATED)
wbs_dat_i[27]                            10     27    -17 (VIOLATED)
wbs_dat_i[29]                            10     27    -17 (VIOLATED)
wbs_dat_i[31]                            10     27    -17 (VIOLATED)
wbs_dat_i[3]                             10     24    -14 (VIOLATED)
mprj.sample_team_proj_Wrapper/gpio_out[23]     10     23    -13 (VIOLATED)
fanout239/X                              10     20    -10 (VIOLATED)
fanout242/X                              10     20    -10 (VIOLATED)
fanout244/X                              10     20    -10 (VIOLATED)
fanout246/X                              10     20    -10 (VIOLATED)
fanout248/X                              10     20    -10 (VIOLATED)
fanout250/X                              10     20    -10 (VIOLATED)
fanout252/X                              10     20    -10 (VIOLATED)
fanout254/X                              10     20    -10 (VIOLATED)
fanout256/X                              10     20    -10 (VIOLATED)
fanout258/X                              10     20    -10 (VIOLATED)
fanout260/X                              10     20    -10 (VIOLATED)
fanout263/X                              10     20    -10 (VIOLATED)
fanout264/X                              10     20    -10 (VIOLATED)
fanout270/X                              10     20    -10 (VIOLATED)
fanout272/X                              10     20    -10 (VIOLATED)
fanout276/X                              10     20    -10 (VIOLATED)
fanout278/X                              10     20    -10 (VIOLATED)
fanout279/X                              10     20    -10 (VIOLATED)
fanout283/X                              10     20    -10 (VIOLATED)
fanout292/X                              10     20    -10 (VIOLATED)
fanout295/X                              10     20    -10 (VIOLATED)
fanout311/X                              10     20    -10 (VIOLATED)
wbs_dat_i[0]                             10     18     -8 (VIOLATED)
wbs_dat_i[1]                             10     18     -8 (VIOLATED)
wbs_dat_i[2]                             10     18     -8 (VIOLATED)
_0567_/Y                                 10     18     -8 (VIOLATED)
_0709_/X                                 10     16     -6 (VIOLATED)
mprj.sample_team_proj_Wrapper/wbs_dat_o[16]     10     16     -6 (VIOLATED)
mprj.sample_team_proj_Wrapper/wbs_dat_o[18]     10     16     -6 (VIOLATED)
mprj.sample_team_proj_Wrapper/wbs_dat_o[19]     10     16     -6 (VIOLATED)
wbs_dat_i[10]                            10     15     -5 (VIOLATED)
wbs_dat_i[11]                            10     15     -5 (VIOLATED)
wbs_dat_i[12]                            10     15     -5 (VIOLATED)
wbs_dat_i[13]                            10     15     -5 (VIOLATED)
wbs_dat_i[4]                             10     15     -5 (VIOLATED)
wbs_dat_i[6]                             10     15     -5 (VIOLATED)
wbs_dat_i[7]                             10     15     -5 (VIOLATED)
wbs_dat_i[8]                             10     15     -5 (VIOLATED)
wbs_dat_i[9]                             10     15     -5 (VIOLATED)
wbs_we_i                                 10     15     -5 (VIOLATED)
_0527_/Y                                 10     14     -4 (VIOLATED)
wb_rst_i                                 10     12     -2 (VIOLATED)
wbs_adr_i[11]                            10     12     -2 (VIOLATED)
wbs_adr_i[14]                            10     12     -2 (VIOLATED)
fanout243/X                              10     12     -2 (VIOLATED)
fanout262/X                              10     12     -2 (VIOLATED)
fanout309/X                              10     12     -2 (VIOLATED)
fanout314/X                              10     12     -2 (VIOLATED)
fanout319/X                              10     12     -2 (VIOLATED)
hold36/X                                 10     12     -2 (VIOLATED)
hold39/X                                 10     12     -2 (VIOLATED)
hold40/X                                 10     12     -2 (VIOLATED)
hold41/X                                 10     12     -2 (VIOLATED)
wbs_adr_i[7]                             10     11        (VIOLATED)
wbs_cyc_i                                10     11        (VIOLATED)
mprj.sample_team_proj_Wrapper/la_data_out[97]     10     11        (VIOLATED)
mprj.sample_team_proj_Wrapper/wbs_dat_o[12]     10     11        (VIOLATED)



===========================================================================
report_parasitic_annotation -report_unannotated
============================================================================
Found 308 unannotated drivers.
 analog_io[0]
 analog_io[10]
 analog_io[11]
 analog_io[12]
 analog_io[13]
 analog_io[14]
 analog_io[15]
 analog_io[16]
 analog_io[17]
 analog_io[18]
 analog_io[19]
 analog_io[1]
 analog_io[20]
 analog_io[21]
 analog_io[22]
 analog_io[23]
 analog_io[24]
 analog_io[25]
 analog_io[26]
 analog_io[27]
 analog_io[28]
 analog_io[2]
 analog_io[3]
 analog_io[4]
 analog_io[5]
 analog_io[6]
 analog_io[7]
 analog_io[8]
 analog_io[9]
 la_oenb[0]
 la_oenb[100]
 la_oenb[101]
 la_oenb[102]
 la_oenb[103]
 la_oenb[104]
 la_oenb[105]
 la_oenb[106]
 la_oenb[107]
 la_oenb[108]
 la_oenb[109]
 la_oenb[10]
 la_oenb[110]
 la_oenb[111]
 la_oenb[112]
 la_oenb[113]
 la_oenb[114]
 la_oenb[115]
 la_oenb[116]
 la_oenb[117]
 la_oenb[118]
 la_oenb[119]
 la_oenb[11]
 la_oenb[120]
 la_oenb[121]
 la_oenb[122]
 la_oenb[123]
 la_oenb[124]
 la_oenb[125]
 la_oenb[126]
 la_oenb[127]
 la_oenb[12]
 la_oenb[13]
 la_oenb[14]
 la_oenb[15]
 la_oenb[16]
 la_oenb[17]
 la_oenb[18]
 la_oenb[19]
 la_oenb[1]
 la_oenb[20]
 la_oenb[21]
 la_oenb[22]
 la_oenb[23]
 la_oenb[24]
 la_oenb[25]
 la_oenb[26]
 la_oenb[27]
 la_oenb[28]
 la_oenb[29]
 la_oenb[2]
 la_oenb[30]
 la_oenb[31]
 la_oenb[32]
 la_oenb[33]
 la_oenb[34]
 la_oenb[35]
 la_oenb[36]
 la_oenb[37]
 la_oenb[38]
 la_oenb[39]
 la_oenb[3]
 la_oenb[40]
 la_oenb[41]
 la_oenb[42]
 la_oenb[43]
 la_oenb[44]
 la_oenb[45]
 la_oenb[46]
 la_oenb[47]
 la_oenb[48]
 la_oenb[49]
 la_oenb[4]
 la_oenb[50]
 la_oenb[51]
 la_oenb[52]
 la_oenb[53]
 la_oenb[54]
 la_oenb[55]
 la_oenb[56]
 la_oenb[57]
 la_oenb[58]
 la_oenb[59]
 la_oenb[5]
 la_oenb[60]
 la_oenb[61]
 la_oenb[62]
 la_oenb[63]
 la_oenb[64]
 la_oenb[65]
 la_oenb[66]
 la_oenb[67]
 la_oenb[68]
 la_oenb[69]
 la_oenb[6]
 la_oenb[70]
 la_oenb[71]
 la_oenb[72]
 la_oenb[73]
 la_oenb[74]
 la_oenb[75]
 la_oenb[76]
 la_oenb[77]
 la_oenb[78]
 la_oenb[79]
 la_oenb[7]
 la_oenb[80]
 la_oenb[81]
 la_oenb[82]
 la_oenb[83]
 la_oenb[84]
 la_oenb[85]
 la_oenb[86]
 la_oenb[87]
 la_oenb[88]
 la_oenb[89]
 la_oenb[8]
 la_oenb[90]
 la_oenb[91]
 la_oenb[92]
 la_oenb[93]
 la_oenb[94]
 la_oenb[95]
 la_oenb[96]
 la_oenb[97]
 la_oenb[98]
 la_oenb[99]
 la_oenb[9]
 user_clock2
 _1232__331/HI
 _1233__332/HI
 _1234__333/HI
 mprj.sample_team_proj_Wrapper/irq[0]
 mprj.sample_team_proj_Wrapper/irq[1]
 mprj.sample_team_proj_Wrapper/irq[2]
 mprj.sample_team_proj_Wrapper_334/HI
 mprj.sample_team_proj_Wrapper_335/HI
 mprj.sample_team_proj_Wrapper_336/HI
 mprj.sample_team_proj_Wrapper_337/HI
 mprj.sample_team_proj_Wrapper_338/HI
 mprj.sample_team_proj_Wrapper_339/HI
 mprj.sample_team_proj_Wrapper_340/HI
 mprj.sample_team_proj_Wrapper_341/HI
 mprj.sample_team_proj_Wrapper_342/HI
 mprj.sample_team_proj_Wrapper_343/HI
 mprj.sample_team_proj_Wrapper_344/HI
 mprj.sample_team_proj_Wrapper_345/HI
 mprj.sample_team_proj_Wrapper_346/HI
 mprj.sample_team_proj_Wrapper_347/HI
 mprj.sample_team_proj_Wrapper_348/HI
 mprj.sample_team_proj_Wrapper_349/HI
 mprj.sample_team_proj_Wrapper_350/HI
 mprj.sample_team_proj_Wrapper_351/HI
 mprj.sample_team_proj_Wrapper_352/HI
 mprj.sample_team_proj_Wrapper_353/HI
 mprj.sample_team_proj_Wrapper_354/HI
 mprj.sample_team_proj_Wrapper_355/HI
 mprj.sample_team_proj_Wrapper_356/HI
 mprj.sample_team_proj_Wrapper_357/HI
 mprj.sample_team_proj_Wrapper_358/HI
 mprj.sample_team_proj_Wrapper_359/HI
 mprj.sample_team_proj_Wrapper_360/HI
 mprj.sample_team_proj_Wrapper_361/HI
 mprj.sample_team_proj_Wrapper_362/HI
 mprj.sample_team_proj_Wrapper_363/HI
 mprj.sample_team_proj_Wrapper_364/HI
 mprj.sample_team_proj_Wrapper_365/HI
 mprj.sample_team_proj_Wrapper_366/HI
 mprj.sample_team_proj_Wrapper_367/HI
 mprj.sample_team_proj_Wrapper_368/HI
 mprj.sample_team_proj_Wrapper_369/HI
 mprj.sample_team_proj_Wrapper_370/HI
 mprj.sample_team_proj_Wrapper_371/HI
 mprj.sample_team_proj_Wrapper_372/HI
 mprj.sample_team_proj_Wrapper_373/HI
 mprj.sample_team_proj_Wrapper_374/HI
 mprj.sample_team_proj_Wrapper_375/HI
 mprj.sample_team_proj_Wrapper_376/HI
 mprj.sample_team_proj_Wrapper_377/HI
 mprj.sample_team_proj_Wrapper_378/HI
 mprj.sample_team_proj_Wrapper_379/HI
 mprj.sample_team_proj_Wrapper_380/HI
 mprj.sample_team_proj_Wrapper_381/HI
 mprj.sample_team_proj_Wrapper_382/HI
 mprj.sample_team_proj_Wrapper_383/HI
 mprj.sample_team_proj_Wrapper_384/HI
 mprj.sample_team_proj_Wrapper_385/HI
 mprj.sample_team_proj_Wrapper_386/HI
 mprj.sample_team_proj_Wrapper_387/HI
 mprj.sample_team_proj_Wrapper_388/HI
 mprj.sample_team_proj_Wrapper_389/HI
 mprj.sample_team_proj_Wrapper_390/HI
 mprj.sample_team_proj_Wrapper_391/HI
 mprj.sample_team_proj_Wrapper_392/HI
 mprj.sample_team_proj_Wrapper_393/HI
 mprj.sample_team_proj_Wrapper_394/HI
 mprj.sample_team_proj_Wrapper_395/HI
 mprj.sample_team_proj_Wrapper_396/HI
 mprj.sample_team_proj_Wrapper_397/HI
 mprj.sample_team_proj_Wrapper_398/HI
 mprj.sample_team_proj_Wrapper_399/HI
 mprj.sample_team_proj_Wrapper_400/HI
 mprj.sample_team_proj_Wrapper_401/HI
 mprj.sample_team_proj_Wrapper_402/HI
 mprj.sample_team_proj_Wrapper_403/HI
 mprj.sample_team_proj_Wrapper_404/HI
 mprj.sample_team_proj_Wrapper_405/HI
 mprj.sample_team_proj_Wrapper_406/HI
 mprj.sample_team_proj_Wrapper_407/HI
 mprj.sample_team_proj_Wrapper_408/HI
 mprj.sample_team_proj_Wrapper_409/HI
 mprj.sample_team_proj_Wrapper_410/HI
 mprj.sample_team_proj_Wrapper_411/HI
 mprj.sample_team_proj_Wrapper_412/HI
 mprj.sample_team_proj_Wrapper_413/HI
 mprj.sample_team_proj_Wrapper_414/HI
 mprj.sample_team_proj_Wrapper_415/HI
 mprj.sample_team_proj_Wrapper_416/HI
 mprj.sample_team_proj_Wrapper_417/HI
 mprj.sample_team_proj_Wrapper_418/HI
 mprj.sample_team_proj_Wrapper_419/HI
 mprj.sample_team_proj_Wrapper_420/HI
 mprj.sample_team_proj_Wrapper_421/HI
 mprj.sample_team_proj_Wrapper_422/HI
 mprj.sample_team_proj_Wrapper_423/HI
 mprj.sample_team_proj_Wrapper_424/HI
 mprj.sample_team_proj_Wrapper_425/HI
 mprj.sample_team_proj_Wrapper_426/HI
 mprj.sample_team_proj_Wrapper_427/HI
 mprj.sample_team_proj_Wrapper_428/HI
 mprj.sample_team_proj_Wrapper_429/HI
 mprj.sample_team_proj_Wrapper_430/HI
 mprj.sample_team_proj_Wrapper_431/HI
 mprj.sample_team_proj_Wrapper_432/HI
 mprj.sample_team_proj_Wrapper_433/HI
 mprj.sample_team_proj_Wrapper_434/HI
 mprj.sample_team_proj_Wrapper_435/HI
 mprj.sample_team_proj_Wrapper_436/HI
 mprj.sample_team_proj_Wrapper_437/HI
 mprj.sample_team_proj_Wrapper_438/HI
 mprj.sample_team_proj_Wrapper_439/HI
 mprj.sample_team_proj_Wrapper_440/HI
 mprj.sample_team_proj_Wrapper_441/HI
 mprj.sample_team_proj_Wrapper_442/HI
 mprj.sample_team_proj_Wrapper_443/HI
 mprj.sample_team_proj_Wrapper_444/HI
 mprj.sample_team_proj_Wrapper_445/HI
 mprj.sample_team_proj_Wrapper_446/HI
 mprj.sample_team_proj_Wrapper_447/HI
 mprj.sample_team_proj_Wrapper_448/HI
 mprj.sample_team_proj_Wrapper_449/HI
 mprj.sample_team_proj_Wrapper_450/HI
 mprj.sample_team_proj_Wrapper_451/HI
 mprj.sample_team_proj_Wrapper_452/HI
 mprj.sample_team_proj_Wrapper_453/HI
 mprj.sample_team_proj_Wrapper_454/HI
 mprj.sample_team_proj_Wrapper_455/HI
 mprj.sample_team_proj_Wrapper_456/HI
 mprj.sample_team_proj_Wrapper_457/HI
 mprj.sample_team_proj_Wrapper_458/HI
 mprj.sample_team_proj_Wrapper_459/HI
 mprj.sample_team_proj_Wrapper_460/HI
 mprj.sample_team_proj_Wrapper_461/HI
 mprj.sample_team_proj_Wrapper_462/HI
 mprj.sample_team_proj_Wrapper_463/HI
 mprj.sample_team_proj_Wrapper_464/HI
 mprj.sample_team_proj_Wrapper_465/HI
 mprj.sample_team_proj_Wrapper_466/HI
 mprj.sample_team_proj_Wrapper_467/HI
 mprj.sample_team_proj_Wrapper_468/HI
 mprj.sample_team_proj_Wrapper_469/HI
 mprj.sample_team_proj_Wrapper_470/HI
 mprj.sample_team_proj_Wrapper_471/HI
 mprj.sample_team_proj_Wrapper_472/HI
 mprj.sample_team_proj_Wrapper_473/HI
 mprj.sample_team_proj_Wrapper_474/HI
 mprj.sample_team_proj_Wrapper_475/HI
 mprj.sample_team_proj_Wrapper_476/HI
 mprj.sample_team_proj_Wrapper_477/HI
Found 0 partially unannotated drivers.

===========================================================================
max slew violation count 380
max fanout violation count 84
max cap violation count 0
============================================================================

===========================================================================
check_setup -verbose -unconstrained_endpoints -multiple_clock -no_clock -no_input_delay -loops -generated_clocks
===========================================================================
Warning: There are 68 input ports missing set_input_delay.
  analog_io[0]
  analog_io[10]
  analog_io[11]
  analog_io[12]
  analog_io[13]
  analog_io[14]
  analog_io[15]
  analog_io[16]
  analog_io[17]
  analog_io[18]
  analog_io[19]
  analog_io[1]
  analog_io[20]
  analog_io[21]
  analog_io[22]
  analog_io[23]
  analog_io[24]
  analog_io[25]
  analog_io[26]
  analog_io[27]
  analog_io[28]
  analog_io[2]
  analog_io[3]
  analog_io[4]
  analog_io[5]
  analog_io[6]
  analog_io[7]
  analog_io[8]
  analog_io[9]
  io_in[0]
  io_in[10]
  io_in[11]
  io_in[12]
  io_in[13]
  io_in[14]
  io_in[15]
  io_in[16]
  io_in[17]
  io_in[18]
  io_in[19]
  io_in[1]
  io_in[20]
  io_in[21]
  io_in[22]
  io_in[23]
  io_in[24]
  io_in[25]
  io_in[26]
  io_in[27]
  io_in[28]
  io_in[29]
  io_in[2]
  io_in[30]
  io_in[31]
  io_in[32]
  io_in[33]
  io_in[34]
  io_in[35]
  io_in[36]
  io_in[37]
  io_in[3]
  io_in[4]
  io_in[5]
  io_in[6]
  io_in[7]
  io_in[8]
  io_in[9]
  user_clock2
Warning: There are 236 unconstrained endpoints.
  analog_io[0]
  analog_io[10]
  analog_io[11]
  analog_io[12]
  analog_io[13]
  analog_io[14]
  analog_io[15]
  analog_io[16]
  analog_io[17]
  analog_io[18]
  analog_io[19]
  analog_io[1]
  analog_io[20]
  analog_io[21]
  analog_io[22]
  analog_io[23]
  analog_io[24]
  analog_io[25]
  analog_io[26]
  analog_io[27]
  analog_io[28]
  analog_io[2]
  analog_io[3]
  analog_io[4]
  analog_io[5]
  analog_io[6]
  analog_io[7]
  analog_io[8]
  analog_io[9]
  io_oeb[0]
  io_oeb[10]
  io_oeb[11]
  io_oeb[12]
  io_oeb[13]
  io_oeb[14]
  io_oeb[15]
  io_oeb[16]
  io_oeb[17]
  io_oeb[18]
  io_oeb[19]
  io_oeb[1]
  io_oeb[20]
  io_oeb[21]
  io_oeb[22]
  io_oeb[23]
  io_oeb[24]
  io_oeb[25]
  io_oeb[26]
  io_oeb[27]
  io_oeb[28]
  io_oeb[29]
  io_oeb[2]
  io_oeb[30]
  io_oeb[31]
  io_oeb[32]
  io_oeb[33]
  io_oeb[34]
  io_oeb[35]
  io_oeb[36]
  io_oeb[37]
  io_oeb[3]
  io_oeb[4]
  io_oeb[5]
  io_oeb[6]
  io_oeb[7]
  io_oeb[8]
  io_oeb[9]
  io_out[0]
  io_out[10]
  io_out[11]
  io_out[12]
  io_out[13]
  io_out[14]
  io_out[15]
  io_out[16]
  io_out[17]
  io_out[18]
  io_out[19]
  io_out[1]
  io_out[20]
  io_out[21]
  io_out[22]
  io_out[23]
  io_out[24]
  io_out[25]
  io_out[26]
  io_out[27]
  io_out[28]
  io_out[29]
  io_out[2]
  io_out[30]
  io_out[31]
  io_out[32]
  io_out[33]
  io_out[34]
  io_out[35]
  io_out[36]
  io_out[37]
  io_out[3]
  io_out[4]
  io_out[5]
  io_out[6]
  io_out[7]
  io_out[8]
  io_out[9]
  la_data_out[0]
  la_data_out[100]
  la_data_out[101]
  la_data_out[102]
  la_data_out[103]
  la_data_out[104]
  la_data_out[105]
  la_data_out[106]
  la_data_out[107]
  la_data_out[108]
  la_data_out[109]
  la_data_out[10]
  la_data_out[110]
  la_data_out[111]
  la_data_out[112]
  la_data_out[113]
  la_data_out[114]
  la_data_out[115]
  la_data_out[116]
  la_data_out[117]
  la_data_out[118]
  la_data_out[119]
  la_data_out[11]
  la_data_out[120]
  la_data_out[121]
  la_data_out[122]
  la_data_out[123]
  la_data_out[124]
  la_data_out[125]
  la_data_out[126]
  la_data_out[127]
  la_data_out[12]
  la_data_out[13]
  la_data_out[14]
  la_data_out[15]
  la_data_out[16]
  la_data_out[17]
  la_data_out[18]
  la_data_out[19]
  la_data_out[1]
  la_data_out[20]
  la_data_out[21]
  la_data_out[22]
  la_data_out[23]
  la_data_out[24]
  la_data_out[25]
  la_data_out[26]
  la_data_out[27]
  la_data_out[28]
  la_data_out[29]
  la_data_out[2]
  la_data_out[30]
  la_data_out[31]
  la_data_out[32]
  la_data_out[33]
  la_data_out[34]
  la_data_out[35]
  la_data_out[36]
  la_data_out[37]
  la_data_out[38]
  la_data_out[39]
  la_data_out[3]
  la_data_out[40]
  la_data_out[41]
  la_data_out[42]
  la_data_out[43]
  la_data_out[44]
  la_data_out[45]
  la_data_out[46]
  la_data_out[47]
  la_data_out[48]
  la_data_out[49]
  la_data_out[4]
  la_data_out[50]
  la_data_out[51]
  la_data_out[52]
  la_data_out[53]
  la_data_out[54]
  la_data_out[55]
  la_data_out[56]
  la_data_out[57]
  la_data_out[58]
  la_data_out[59]
  la_data_out[5]
  la_data_out[60]
  la_data_out[61]
  la_data_out[62]
  la_data_out[63]
  la_data_out[64]
  la_data_out[65]
  la_data_out[66]
  la_data_out[67]
  la_data_out[68]
  la_data_out[69]
  la_data_out[6]
  la_data_out[70]
  la_data_out[71]
  la_data_out[72]
  la_data_out[73]
  la_data_out[74]
  la_data_out[75]
  la_data_out[76]
  la_data_out[77]
  la_data_out[78]
  la_data_out[79]
  la_data_out[7]
  la_data_out[80]
  la_data_out[81]
  la_data_out[82]
  la_data_out[83]
  la_data_out[84]
  la_data_out[85]
  la_data_out[86]
  la_data_out[87]
  la_data_out[88]
  la_data_out[89]
  la_data_out[8]
  la_data_out[90]
  la_data_out[91]
  la_data_out[92]
  la_data_out[93]
  la_data_out[94]
  la_data_out[95]
  la_data_out[96]
  la_data_out[97]
  la_data_out[98]
  la_data_out[99]
  la_data_out[9]
  user_irq[0]
  user_irq[1]
  user_irq[2]
