
===========================================================================
report_checks -unconstrained
===========================================================================
======================= nom_ff_n40C_1v95 Corner ===================================

Startpoint: wb_rst_i (input port clocked by wb_clk_i)
Endpoint: _1569_ (recovery check against rising-edge clock wb_clk_i)
Path Group: asynchronous
Path Type: max

Fanout         Cap        Slew       Delay        Time   Description
---------------------------------------------------------------------------------------------
                                  0.000000    0.000000   clock wb_clk_i (rise edge)
                                  0.000000    0.000000   clock network delay (propagated)
                                 20.000000   20.000000 v input external delay
     2    0.003800    0.006188    0.003162   20.003162 v wb_rst_i (in)
                                                         wb_rst_i (net)
                      0.006189    0.000000   20.003162 v input5/A (sky130_fd_sc_hd__dlymetal6s2s_1)
     4    0.024555    0.090538    0.132912   20.136074 v input5/X (sky130_fd_sc_hd__dlymetal6s2s_1)
                                                         net5 (net)
                      0.090550    0.001052   20.137127 v fanout197/A (sky130_fd_sc_hd__buf_4)
    18    0.079311    0.076857    0.164105   20.301231 v fanout197/X (sky130_fd_sc_hd__buf_4)
                                                         net197 (net)
                      0.076891    0.001402   20.302633 v fanout196/A (sky130_fd_sc_hd__buf_4)
    20    0.073839    0.071722    0.157934   20.460567 v fanout196/X (sky130_fd_sc_hd__buf_4)
                                                         net196 (net)
                      0.071843    0.001943   20.462511 v _1514_/A (sky130_fd_sc_hd__inv_2)
     1    0.004054    0.027671    0.044500   20.507010 ^ _1514_/Y (sky130_fd_sc_hd__inv_2)
                                                         _0028_ (net)
                      0.027671    0.000082   20.507092 ^ _1569_/RESET_B (sky130_fd_sc_hd__dfrtp_4)
                                             20.507092   data arrival time

                                100.000000  100.000000   clock wb_clk_i (rise edge)
                                  0.000000  100.000000   clock source latency
     2    0.030716    0.106914    0.075438  100.075432 ^ wb_clk_i (in)
                                                         wb_clk_i (net)
                      0.107100    0.000000  100.075432 ^ clkbuf_0_wb_clk_i/A (sky130_fd_sc_hd__clkbuf_16)
     8    0.064203    0.063089    0.130164  100.205597 ^ clkbuf_0_wb_clk_i/X (sky130_fd_sc_hd__clkbuf_16)
                                                         clknet_0_wb_clk_i (net)
                      0.063258    0.002217  100.207817 ^ clkbuf_2_0__f_wb_clk_i/A (sky130_fd_sc_hd__clkbuf_16)
    24    0.062447    0.061393    0.117652  100.325470 ^ clkbuf_2_0__f_wb_clk_i/X (sky130_fd_sc_hd__clkbuf_16)
                                                         clknet_2_0__leaf_wb_clk_i (net)
                      0.061587    0.002409  100.327873 ^ _1569_/CLK (sky130_fd_sc_hd__dfrtp_4)
                                 -0.250000  100.077881   clock uncertainty
                                  0.000000  100.077881   clock reconvergence pessimism
                                  0.136931  100.214806   library recovery time
                                            100.214806   data required time
---------------------------------------------------------------------------------------------
                                            100.214806   data required time
                                            -20.507092   data arrival time
---------------------------------------------------------------------------------------------
                                             79.707718   slack (MET)


Startpoint: wbs_adr_i[7] (input port clocked by wb_clk_i)
Endpoint: wbs_dat_o[16] (output port clocked by wb_clk_i)
Path Group: wb_clk_i
Path Type: max

Fanout         Cap        Slew       Delay        Time   Description
---------------------------------------------------------------------------------------------
                                  0.000000    0.000000   clock wb_clk_i (rise edge)
                                  0.000000    0.000000   clock network delay (propagated)
                                 20.000000   20.000000 v input external delay
     2    0.003884    0.006316    0.003237   20.003237 v wbs_adr_i[7] (in)
                                                         wbs_adr_i[7] (net)
                      0.006316    0.000000   20.003237 v input19/A (sky130_fd_sc_hd__clkbuf_1)
     1    0.006681    0.032145    0.059552   20.062790 v input19/X (sky130_fd_sc_hd__clkbuf_1)
                                                         net19 (net)
                      0.032146    0.000234   20.063025 v _0750_/A (sky130_fd_sc_hd__or4_1)
     1    0.001801    0.048256    0.283482   20.346506 v _0750_/X (sky130_fd_sc_hd__or4_1)
                                                         _0095_ (net)
                      0.048256    0.000036   20.346540 v _0751_/C (sky130_fd_sc_hd__or3_1)
     4    0.014398    0.083306    0.225965   20.572506 v _0751_/X (sky130_fd_sc_hd__or3_1)
                                                         _0096_ (net)
                      0.083306    0.000327   20.572832 v _0757_/B (sky130_fd_sc_hd__or3b_1)
     2    0.006312    0.056408    0.229878   20.802711 v _0757_/X (sky130_fd_sc_hd__or3b_1)
                                                         _0101_ (net)
                      0.056408    0.000144   20.802855 v _0758_/B (sky130_fd_sc_hd__or2_1)
     1    0.003950    0.036786    0.132442   20.935297 v _0758_/X (sky130_fd_sc_hd__or2_1)
                                                         _0102_ (net)
                      0.036786    0.000135   20.935432 v fanout148/A (sky130_fd_sc_hd__clkbuf_2)
     7    0.033278    0.089322    0.127530   21.062962 v fanout148/X (sky130_fd_sc_hd__clkbuf_2)
                                                         net148 (net)
                      0.089344    0.001322   21.064283 v fanout147/A (sky130_fd_sc_hd__buf_2)
    10    0.035254    0.064355    0.141691   21.205975 v fanout147/X (sky130_fd_sc_hd__buf_2)
                                                         net147 (net)
                      0.064463    0.002332   21.208307 v _1409_/A (sky130_fd_sc_hd__and2_1)
     3    0.013603    0.055792    0.127775   21.336082 v _1409_/X (sky130_fd_sc_hd__and2_1)
                                                         net127 (net)
                      0.055792    0.000162   21.336243 v fanout145/A (sky130_fd_sc_hd__buf_2)
    10    0.036340    0.066071    0.129777   21.466021 v fanout145/X (sky130_fd_sc_hd__buf_2)
                                                         net145 (net)
                      0.066108    0.001423   21.467443 v _1772_/A (sky130_fd_sc_hd__clkbuf_1)
     1    0.003626    0.021914    0.072994   21.540438 v _1772_/X (sky130_fd_sc_hd__clkbuf_1)
                                                         net115 (net)
                      0.021914    0.000121   21.540558 v output115/A (sky130_fd_sc_hd__clkbuf_4)
     1    0.034468    0.056829    0.119396   21.659954 v output115/X (sky130_fd_sc_hd__clkbuf_4)
                                                         wbs_dat_o[16] (net)
                      0.056840    0.000769   21.660723 v wbs_dat_o[16] (out)
                                             21.660723   data arrival time

                                100.000000  100.000000   clock wb_clk_i (rise edge)
                                  0.000000  100.000000   clock network delay (propagated)
                                 -0.250000   99.750000   clock uncertainty
                                  0.000000   99.750000   clock reconvergence pessimism
                                -20.000000   79.750000   output external delay
                                             79.750000   data required time
---------------------------------------------------------------------------------------------
                                             79.750000   data required time
                                            -21.660723   data arrival time
---------------------------------------------------------------------------------------------
                                             58.089272   slack (MET)




===========================================================================
report_checks --slack_max -0.01
============================================================================
======================= nom_ff_n40C_1v95 Corner ===================================

No paths found.


===========================================================================
 report_check_types -max_slew -max_cap -max_fanout -violators
============================================================================
======================= nom_ff_n40C_1v95 Corner ===================================

max fanout

Pin                                   Limit Fanout  Slack
---------------------------------------------------------
clkbuf_2_3__f_wb_clk_i/X                 10     38    -28 (VIOLATED)
clkbuf_2_2__f_wb_clk_i/X                 10     28    -18 (VIOLATED)
_1408_/Y                                 10     24    -14 (VIOLATED)
clkbuf_2_0__f_wb_clk_i/X                 10     24    -14 (VIOLATED)
clkbuf_2_1__f_wb_clk_i/X                 10     20    -10 (VIOLATED)
fanout135/X                              10     20    -10 (VIOLATED)
fanout137/X                              10     20    -10 (VIOLATED)
fanout139/X                              10     20    -10 (VIOLATED)
fanout140/X                              10     20    -10 (VIOLATED)
fanout143/X                              10     20    -10 (VIOLATED)
fanout144/X                              10     20    -10 (VIOLATED)
fanout146/X                              10     20    -10 (VIOLATED)
fanout149/X                              10     20    -10 (VIOLATED)
fanout150/X                              10     20    -10 (VIOLATED)
fanout152/X                              10     20    -10 (VIOLATED)
fanout154/X                              10     20    -10 (VIOLATED)
fanout155/X                              10     20    -10 (VIOLATED)
fanout168/X                              10     20    -10 (VIOLATED)
fanout169/X                              10     20    -10 (VIOLATED)
fanout178/X                              10     20    -10 (VIOLATED)
fanout183/X                              10     20    -10 (VIOLATED)
fanout184/X                              10     20    -10 (VIOLATED)
fanout186/X                              10     20    -10 (VIOLATED)
fanout191/X                              10     20    -10 (VIOLATED)
fanout193/X                              10     20    -10 (VIOLATED)
fanout194/X                              10     20    -10 (VIOLATED)
fanout196/X                              10     20    -10 (VIOLATED)
_1561_/Q                                 10     18     -8 (VIOLATED)
fanout160/X                              10     18     -8 (VIOLATED)
fanout197/X                              10     18     -8 (VIOLATED)
_0735_/Y                                 10     14     -4 (VIOLATED)
_1186_/X                                 10     14     -4 (VIOLATED)
fanout173/X                              10     14     -4 (VIOLATED)
_0798_/X                                 10     12     -2 (VIOLATED)
fanout142/X                              10     12     -2 (VIOLATED)
fanout151/X                              10     12     -2 (VIOLATED)
fanout171/X                              10     12     -2 (VIOLATED)
fanout175/X                              10     12     -2 (VIOLATED)
fanout187/X                              10     12     -2 (VIOLATED)
fanout200/X                              10     12     -2 (VIOLATED)



===========================================================================
report_parasitic_annotation -report_unannotated
============================================================================
Found 472 unannotated drivers.
 gpio_in[0]
 gpio_in[10]
 gpio_in[11]
 gpio_in[12]
 gpio_in[13]
 gpio_in[14]
 gpio_in[15]
 gpio_in[16]
 gpio_in[17]
 gpio_in[18]
 gpio_in[19]
 gpio_in[1]
 gpio_in[20]
 gpio_in[21]
 gpio_in[22]
 gpio_in[23]
 gpio_in[24]
 gpio_in[25]
 gpio_in[26]
 gpio_in[27]
 gpio_in[28]
 gpio_in[29]
 gpio_in[2]
 gpio_in[30]
 gpio_in[31]
 gpio_in[32]
 gpio_in[33]
 gpio_in[34]
 gpio_in[35]
 gpio_in[36]
 gpio_in[37]
 gpio_in[3]
 gpio_in[4]
 gpio_in[5]
 gpio_in[6]
 gpio_in[7]
 gpio_in[8]
 gpio_in[9]
 la_data_in[100]
 la_data_in[101]
 la_data_in[102]
 la_data_in[103]
 la_data_in[104]
 la_data_in[105]
 la_data_in[106]
 la_data_in[107]
 la_data_in[108]
 la_data_in[109]
 la_data_in[10]
 la_data_in[110]
 la_data_in[111]
 la_data_in[112]
 la_data_in[113]
 la_data_in[114]
 la_data_in[115]
 la_data_in[116]
 la_data_in[117]
 la_data_in[118]
 la_data_in[119]
 la_data_in[11]
 la_data_in[120]
 la_data_in[121]
 la_data_in[122]
 la_data_in[123]
 la_data_in[124]
 la_data_in[125]
 la_data_in[126]
 la_data_in[127]
 la_data_in[12]
 la_data_in[13]
 la_data_in[14]
 la_data_in[15]
 la_data_in[16]
 la_data_in[17]
 la_data_in[18]
 la_data_in[19]
 la_data_in[20]
 la_data_in[21]
 la_data_in[22]
 la_data_in[23]
 la_data_in[24]
 la_data_in[25]
 la_data_in[26]
 la_data_in[27]
 la_data_in[28]
 la_data_in[29]
 la_data_in[2]
 la_data_in[30]
 la_data_in[31]
 la_data_in[32]
 la_data_in[33]
 la_data_in[34]
 la_data_in[35]
 la_data_in[36]
 la_data_in[37]
 la_data_in[38]
 la_data_in[39]
 la_data_in[3]
 la_data_in[40]
 la_data_in[41]
 la_data_in[42]
 la_data_in[43]
 la_data_in[44]
 la_data_in[45]
 la_data_in[46]
 la_data_in[47]
 la_data_in[48]
 la_data_in[49]
 la_data_in[4]
 la_data_in[50]
 la_data_in[51]
 la_data_in[52]
 la_data_in[53]
 la_data_in[54]
 la_data_in[55]
 la_data_in[56]
 la_data_in[57]
 la_data_in[58]
 la_data_in[59]
 la_data_in[5]
 la_data_in[60]
 la_data_in[61]
 la_data_in[62]
 la_data_in[63]
 la_data_in[64]
 la_data_in[65]
 la_data_in[66]
 la_data_in[67]
 la_data_in[68]
 la_data_in[69]
 la_data_in[6]
 la_data_in[70]
 la_data_in[71]
 la_data_in[72]
 la_data_in[73]
 la_data_in[74]
 la_data_in[75]
 la_data_in[76]
 la_data_in[77]
 la_data_in[78]
 la_data_in[79]
 la_data_in[7]
 la_data_in[80]
 la_data_in[81]
 la_data_in[82]
 la_data_in[83]
 la_data_in[84]
 la_data_in[85]
 la_data_in[86]
 la_data_in[87]
 la_data_in[88]
 la_data_in[89]
 la_data_in[8]
 la_data_in[90]
 la_data_in[91]
 la_data_in[92]
 la_data_in[93]
 la_data_in[94]
 la_data_in[95]
 la_data_in[96]
 la_data_in[97]
 la_data_in[98]
 la_data_in[99]
 la_data_in[9]
 la_oenb[100]
 la_oenb[101]
 la_oenb[102]
 la_oenb[103]
 la_oenb[104]
 la_oenb[105]
 la_oenb[106]
 la_oenb[107]
 la_oenb[108]
 la_oenb[109]
 la_oenb[10]
 la_oenb[110]
 la_oenb[111]
 la_oenb[112]
 la_oenb[113]
 la_oenb[114]
 la_oenb[115]
 la_oenb[116]
 la_oenb[117]
 la_oenb[118]
 la_oenb[119]
 la_oenb[11]
 la_oenb[120]
 la_oenb[121]
 la_oenb[122]
 la_oenb[123]
 la_oenb[124]
 la_oenb[125]
 la_oenb[126]
 la_oenb[127]
 la_oenb[12]
 la_oenb[13]
 la_oenb[14]
 la_oenb[15]
 la_oenb[16]
 la_oenb[17]
 la_oenb[18]
 la_oenb[19]
 la_oenb[20]
 la_oenb[21]
 la_oenb[22]
 la_oenb[23]
 la_oenb[24]
 la_oenb[25]
 la_oenb[26]
 la_oenb[27]
 la_oenb[28]
 la_oenb[29]
 la_oenb[2]
 la_oenb[30]
 la_oenb[31]
 la_oenb[32]
 la_oenb[33]
 la_oenb[34]
 la_oenb[35]
 la_oenb[36]
 la_oenb[37]
 la_oenb[38]
 la_oenb[39]
 la_oenb[3]
 la_oenb[40]
 la_oenb[41]
 la_oenb[42]
 la_oenb[43]
 la_oenb[44]
 la_oenb[45]
 la_oenb[46]
 la_oenb[47]
 la_oenb[48]
 la_oenb[49]
 la_oenb[4]
 la_oenb[50]
 la_oenb[51]
 la_oenb[52]
 la_oenb[53]
 la_oenb[54]
 la_oenb[55]
 la_oenb[56]
 la_oenb[57]
 la_oenb[58]
 la_oenb[59]
 la_oenb[5]
 la_oenb[60]
 la_oenb[61]
 la_oenb[62]
 la_oenb[63]
 la_oenb[64]
 la_oenb[65]
 la_oenb[66]
 la_oenb[67]
 la_oenb[68]
 la_oenb[69]
 la_oenb[6]
 la_oenb[70]
 la_oenb[71]
 la_oenb[72]
 la_oenb[73]
 la_oenb[74]
 la_oenb[75]
 la_oenb[76]
 la_oenb[77]
 la_oenb[78]
 la_oenb[79]
 la_oenb[7]
 la_oenb[80]
 la_oenb[81]
 la_oenb[82]
 la_oenb[83]
 la_oenb[84]
 la_oenb[85]
 la_oenb[86]
 la_oenb[87]
 la_oenb[88]
 la_oenb[89]
 la_oenb[8]
 la_oenb[90]
 la_oenb[91]
 la_oenb[92]
 la_oenb[93]
 la_oenb[94]
 la_oenb[95]
 la_oenb[96]
 la_oenb[97]
 la_oenb[98]
 la_oenb[99]
 la_oenb[9]
 wbs_adr_i[16]
 wbs_adr_i[17]
 wbs_adr_i[18]
 wbs_adr_i[19]
 wbs_adr_i[20]
 wbs_adr_i[21]
 wbs_adr_i[22]
 wbs_adr_i[23]
 wbs_adr_i[24]
 wbs_adr_i[25]
 wbs_adr_i[26]
 wbs_adr_i[27]
 wbs_adr_i[28]
 wbs_adr_i[29]
 wbs_adr_i[30]
 wbs_adr_i[31]
 wbs_dat_i[14]
 wbs_dat_i[15]
 wbs_dat_i[16]
 wbs_dat_i[17]
 wbs_dat_i[18]
 wbs_dat_i[19]
 wbs_dat_i[20]
 wbs_dat_i[21]
 wbs_dat_i[22]
 wbs_dat_i[23]
 wbs_dat_i[24]
 wbs_dat_i[25]
 wbs_dat_i[26]
 wbs_dat_i[27]
 wbs_dat_i[28]
 wbs_dat_i[29]
 wbs_dat_i[30]
 wbs_dat_i[31]
 wbs_sel_i[0]
 wbs_sel_i[1]
 wbs_sel_i[2]
 wbs_sel_i[3]
 _1599__341/LO
 _1600__342/LO
 _1601__343/LO
 _1602__344/LO
 _1635__201/HI
 _1636__202/HI
 _1637__203/HI
 _1638__204/HI
 _1640__205/HI
 _1641__206/HI
 _1642__207/HI
 _1643__208/HI
 _1644__209/HI
 _1645__210/HI
 _1646__211/HI
 _1647__212/HI
 _1648__213/HI
 _1649__214/HI
 _1650__215/HI
 _1651__216/HI
 _1652__217/HI
 _1653__218/HI
 _1654__219/HI
 _1655__220/HI
 _1656__221/HI
 _1657__222/HI
 _1658__223/HI
 _1659__224/HI
 _1660__225/HI
 _1661__226/HI
 _1662__227/HI
 _1663__228/HI
 _1664__229/HI
 _1665__230/HI
 _1666__231/HI
 _1667__232/HI
 _1668__233/HI
 _1669__234/HI
 _1670__235/HI
 _1671__236/HI
 _1672__237/HI
 _1673__238/HI
 _1674__239/HI
 _1675__240/HI
 _1676__241/HI
 _1677__242/HI
 _1678__243/HI
 _1679__244/HI
 _1680__245/HI
 _1681__246/HI
 _1682__247/HI
 _1683__248/HI
 _1684__249/HI
 _1685__250/HI
 _1686__251/HI
 _1687__252/HI
 _1688__253/HI
 _1689__254/HI
 _1690__255/HI
 _1691__256/HI
 _1692__257/HI
 _1693__258/HI
 _1694__259/HI
 _1695__260/HI
 _1696__261/HI
 _1697__262/HI
 _1698__263/HI
 _1699__264/HI
 _1700__265/HI
 _1701__266/HI
 _1702__267/HI
 _1703__268/HI
 _1704__269/HI
 _1705__270/HI
 _1706__271/HI
 _1707__272/HI
 _1708__273/HI
 _1709__274/HI
 _1710__275/HI
 _1711__276/HI
 _1712__277/HI
 _1713__278/HI
 _1714__279/HI
 _1715__280/HI
 _1716__281/HI
 _1717__282/HI
 _1718__283/HI
 _1719__284/HI
 _1720__285/HI
 _1721__286/HI
 _1722__287/HI
 _1723__288/HI
 _1724__289/HI
 _1725__290/HI
 _1726__291/HI
 _1727__292/HI
 _1728__293/HI
 _1729__294/HI
 _1730__295/HI
 _1731__296/HI
 _1732__297/HI
 _1733__298/HI
 _1734__299/HI
 _1735__300/HI
 _1736__301/HI
 _1737__302/HI
 _1738__303/HI
 _1739__304/HI
 _1740__305/HI
 _1741__306/HI
 _1742__307/HI
 _1743__308/HI
 _1744__309/HI
 _1745__310/HI
 _1746__311/HI
 _1747__312/HI
 _1748__313/HI
 _1749__314/HI
 _1750__315/HI
 _1751__316/HI
 _1752__317/HI
 _1753__318/HI
 _1754__319/HI
 _1755__320/HI
 _1756__321/HI
 _1757__322/HI
 _1758__323/HI
 _1759__324/HI
 _1760__325/HI
 _1761__326/HI
 _1762__327/HI
 _1763__328/HI
 _1764__329/HI
 _1765__330/HI
 _1766__331/HI
 _1767__332/HI
 _1768__333/HI
 _1769__334/HI
 _1770__335/HI
 _1773__336/HI
 _1776__337/HI
 _1778__338/HI
 _1780__339/HI
 _1785__340/HI
Found 0 partially unannotated drivers.

===========================================================================
max slew violation count 0
max fanout violation count 40
max cap violation count 0
============================================================================

===========================================================================
check_setup -verbose -unconstrained_endpoints -multiple_clock -no_clock -no_input_delay -loops -generated_clocks
===========================================================================
Warning: There are 144 unconstrained endpoints.
  gpio_oeb[1]
  gpio_oeb[2]
  gpio_oeb[3]
  gpio_oeb[4]
  gpio_out[1]
  gpio_out[2]
  gpio_out[3]
  gpio_out[4]
  irq[1]
  irq[2]
  la_data_out[0]
  la_data_out[100]
  la_data_out[101]
  la_data_out[102]
  la_data_out[103]
  la_data_out[104]
  la_data_out[105]
  la_data_out[106]
  la_data_out[107]
  la_data_out[108]
  la_data_out[109]
  la_data_out[10]
  la_data_out[110]
  la_data_out[111]
  la_data_out[112]
  la_data_out[113]
  la_data_out[114]
  la_data_out[115]
  la_data_out[116]
  la_data_out[117]
  la_data_out[118]
  la_data_out[119]
  la_data_out[11]
  la_data_out[120]
  la_data_out[121]
  la_data_out[122]
  la_data_out[123]
  la_data_out[124]
  la_data_out[125]
  la_data_out[126]
  la_data_out[127]
  la_data_out[12]
  la_data_out[13]
  la_data_out[14]
  la_data_out[15]
  la_data_out[16]
  la_data_out[17]
  la_data_out[18]
  la_data_out[19]
  la_data_out[1]
  la_data_out[20]
  la_data_out[21]
  la_data_out[22]
  la_data_out[23]
  la_data_out[24]
  la_data_out[25]
  la_data_out[26]
  la_data_out[27]
  la_data_out[28]
  la_data_out[29]
  la_data_out[2]
  la_data_out[30]
  la_data_out[31]
  la_data_out[32]
  la_data_out[33]
  la_data_out[34]
  la_data_out[35]
  la_data_out[36]
  la_data_out[37]
  la_data_out[38]
  la_data_out[39]
  la_data_out[3]
  la_data_out[40]
  la_data_out[41]
  la_data_out[42]
  la_data_out[43]
  la_data_out[44]
  la_data_out[45]
  la_data_out[46]
  la_data_out[47]
  la_data_out[48]
  la_data_out[49]
  la_data_out[4]
  la_data_out[50]
  la_data_out[51]
  la_data_out[52]
  la_data_out[53]
  la_data_out[54]
  la_data_out[55]
  la_data_out[56]
  la_data_out[57]
  la_data_out[58]
  la_data_out[59]
  la_data_out[5]
  la_data_out[60]
  la_data_out[61]
  la_data_out[62]
  la_data_out[63]
  la_data_out[64]
  la_data_out[65]
  la_data_out[66]
  la_data_out[67]
  la_data_out[68]
  la_data_out[69]
  la_data_out[6]
  la_data_out[70]
  la_data_out[71]
  la_data_out[72]
  la_data_out[73]
  la_data_out[74]
  la_data_out[75]
  la_data_out[76]
  la_data_out[77]
  la_data_out[78]
  la_data_out[79]
  la_data_out[7]
  la_data_out[80]
  la_data_out[81]
  la_data_out[82]
  la_data_out[83]
  la_data_out[84]
  la_data_out[85]
  la_data_out[86]
  la_data_out[87]
  la_data_out[88]
  la_data_out[89]
  la_data_out[8]
  la_data_out[90]
  la_data_out[91]
  la_data_out[92]
  la_data_out[93]
  la_data_out[94]
  la_data_out[95]
  la_data_out[96]
  la_data_out[97]
  la_data_out[98]
  la_data_out[99]
  la_data_out[9]
  wbs_dat_o[14]
  wbs_dat_o[17]
  wbs_dat_o[20]
  wbs_dat_o[22]
  wbs_dat_o[24]
  wbs_dat_o[29]
