
===========================================================================
report_checks -unconstrained
===========================================================================
======================= max_tt_025C_1v80 Corner ===================================

Startpoint: wb_rst_i (input port clocked by clk)
Endpoint: _1143_ (recovery check against rising-edge clock clk)
Path Group: asynchronous
Path Type: max

Fanout         Cap        Slew       Delay        Time   Description
---------------------------------------------------------------------------------------------
                                  0.000000    0.000000   clock clk (rise edge)
                                  5.570000    5.570000   clock network delay (propagated)
                                 50.000000   55.570000 v input external delay
    13    0.183427    0.000000    0.000000   55.570000 v wb_rst_i (in)
                                                         wb_rst_i (net)
                      0.111535    0.055767   55.625767 v fanout319/A (sky130_fd_sc_hd__buf_2)
    12    0.063603    0.151350    0.251756   55.877522 v fanout319/X (sky130_fd_sc_hd__buf_2)
                                                         net319 (net)
                      0.151550    0.004665   55.882187 v fanout309/A (sky130_fd_sc_hd__buf_2)
    12    0.052352    0.126563    0.254580   56.136768 v fanout309/X (sky130_fd_sc_hd__buf_2)
                                                         net309 (net)
                      0.126599    0.002178   56.138947 v fanout306/A (sky130_fd_sc_hd__buf_4)
    10    0.057013    0.082041    0.226407   56.365353 v fanout306/X (sky130_fd_sc_hd__buf_4)
                                                         net306 (net)
                      0.082061    0.001450   56.366802 v fanout305/A (sky130_fd_sc_hd__buf_4)
    10    0.056713    0.081483    0.207219   56.574020 v fanout305/X (sky130_fd_sc_hd__buf_4)
                                                         net305 (net)
                      0.081658    0.003311   56.577332 v _0985_/A (sky130_fd_sc_hd__inv_2)
     1    0.004144    0.034343    0.058808   56.636143 ^ _0985_/Y (sky130_fd_sc_hd__inv_2)
                                                         _0071_ (net)
                      0.034343    0.000220   56.636360 ^ _1143_/RESET_B (sky130_fd_sc_hd__dfrtp_1)
                                             56.636360   data arrival time

                                100.000000  100.000000   clock clk (rise edge)
                                  4.650000  104.649994   clock source latency
   318    0.960739    0.610000    0.000000  104.649994 ^ wb_clk_i (in)
                                                         wb_clk_i (net)
                      1.307905    0.348955  104.998947 ^ _1143_/CLK (sky130_fd_sc_hd__dfrtp_1)
                                 -0.250000  104.748955   clock uncertainty
                                  0.000000  104.748955   clock reconvergence pessimism
                                  0.473606  105.222557   library recovery time
                                            105.222557   data required time
---------------------------------------------------------------------------------------------
                                            105.222557   data required time
                                            -56.636360   data arrival time
---------------------------------------------------------------------------------------------
                                             48.586197   slack (MET)


Startpoint: wbs_adr_i[3] (input port clocked by clk)
Endpoint: wbs_dat_o[7] (output port clocked by clk)
Path Group: clk
Path Type: max

Fanout         Cap        Slew       Delay        Time   Description
---------------------------------------------------------------------------------------------
                                  0.000000    0.000000   clock clk (rise edge)
                                  5.570000    5.570000   clock network delay (propagated)
                                  3.890000    9.460000 v input external delay
    10    0.234182    0.920000    0.000000    9.460000 v wbs_adr_i[3] (in)
                                                         wbs_adr_i[3] (net)
                      0.998487    0.039243    9.499244 v hold6/A (sky130_fd_sc_hd__dlygate4sd3_1)
     4    0.044071    0.232354    1.056384   10.555628 v hold6/X (sky130_fd_sc_hd__dlygate4sd3_1)
                                                         net483 (net)
                      0.232683    0.007763   10.563391 v _0523_/C (sky130_fd_sc_hd__or4_4)
     4    0.028402    0.131609    0.607561   11.170952 v _0523_/X (sky130_fd_sc_hd__or4_4)
                                                         _0320_ (net)
                      0.131639    0.002602   11.173554 v _0528_/A (sky130_fd_sc_hd__or4_2)
     4    0.040061    0.210901    0.854195   12.027749 v _0528_/X (sky130_fd_sc_hd__or4_2)
                                                         _0325_ (net)
                      0.210991    0.003986   12.031735 v fanout292/A (sky130_fd_sc_hd__clkbuf_4)
    20    0.066427    0.136556    0.298044   12.329780 v fanout292/X (sky130_fd_sc_hd__clkbuf_4)
                                                         net292 (net)
                      0.136587    0.001771   12.331551 v fanout291/A (sky130_fd_sc_hd__buf_2)
    10    0.041422    0.102651    0.231207   12.562757 v fanout291/X (sky130_fd_sc_hd__buf_2)
                                                         net291 (net)
                      0.103132    0.005375   12.568132 v _0765_/B1 (sky130_fd_sc_hd__o32a_1)
     1    0.004584    0.059811    0.198743   12.766876 v _0765_/X (sky130_fd_sc_hd__o32a_1)
                                                         _0399_ (net)
                      0.059811    0.000291   12.767167 v _0766_/C1 (sky130_fd_sc_hd__o211a_1)
     1    0.008574    0.065622    0.137540   12.904707 v _0766_/X (sky130_fd_sc_hd__o211a_1)
                                                         _0400_ (net)
                      0.065629    0.000679   12.905387 v _0768_/B1 (sky130_fd_sc_hd__o221a_1)
     1    0.006869    0.067140    0.252147   13.157534 v _0768_/X (sky130_fd_sc_hd__o221a_1)
                                                         _0402_ (net)
                      0.067142    0.000480   13.158012 v _0770_/A2 (sky130_fd_sc_hd__o31a_2)
     2    0.052796    0.157018    0.451093   13.609105 v _0770_/X (sky130_fd_sc_hd__o31a_2)
                                                         net235 (net)
                      0.158511    0.011766   13.620871 v output235/A (sky130_fd_sc_hd__buf_12)
     1    0.191521    0.109366    0.246021   13.866892 v output235/X (sky130_fd_sc_hd__buf_12)
                                                         wbs_dat_o[7] (net)
                      0.110723    0.009623   13.876514 v wbs_dat_o[7] (out)
                                             13.876514   data arrival time

                                100.000000  100.000000   clock clk (rise edge)
                                  4.650000  104.649994   clock network delay (propagated)
                                 -0.250000  104.399994   clock uncertainty
                                  0.000000  104.399994   clock reconvergence pessimism
                                 -3.620000  100.779999   output external delay
                                            100.779999   data required time
---------------------------------------------------------------------------------------------
                                            100.779999   data required time
                                            -13.876514   data arrival time
---------------------------------------------------------------------------------------------
                                             86.903481   slack (MET)




===========================================================================
report_checks --slack_max -0.01
============================================================================
======================= max_tt_025C_1v80 Corner ===================================

No paths found.


===========================================================================
 report_check_types -max_slew -max_cap -max_fanout -violators
============================================================================
======================= max_tt_025C_1v80 Corner ===================================

max slew

Pin                                        Limit        Slew       Slack
------------------------------------------------------------------------
mprj.sample_team_proj_Wrapper/gpio_in[7]    1.500000    2.482733   -0.982733 (VIOLATED)
ANTENNA_mprj.sample_team_proj_Wrapper_gpio_in[7]/DIODE    1.500000    2.482729   -0.982729 (VIOLATED)
ANTENNA_mprj.sample_team_proj_Wrapper_gpio_in[20]/DIODE    1.500000    2.442822   -0.942822 (VIOLATED)
mprj.sample_team_proj_Wrapper/gpio_in[20]    1.500000    2.442792   -0.942793 (VIOLATED)
ANTENNA_mprj.sample_team_proj_Wrapper_la_data_in[122]/DIODE    1.500000    2.353019   -0.853019 (VIOLATED)
mprj.sample_team_proj_Wrapper/la_data_in[122]    1.500000    2.352982   -0.852982 (VIOLATED)
mprj.sample_team_proj_Wrapper/gpio_in[5]    1.500000    2.329423   -0.829423 (VIOLATED)
ANTENNA_mprj.sample_team_proj_Wrapper_gpio_in[5]/DIODE    1.500000    2.329418   -0.829418 (VIOLATED)
ANTENNA_mprj.sample_team_proj_Wrapper_la_data_in[121]/DIODE    1.500000    2.318899   -0.818899 (VIOLATED)
mprj.sample_team_proj_Wrapper/la_data_in[121]    1.500000    2.318862   -0.818862 (VIOLATED)
mprj.sample_team_proj_Wrapper/gpio_in[12]    1.500000    2.160576   -0.660577 (VIOLATED)
ANTENNA_mprj.sample_team_proj_Wrapper_gpio_in[12]/DIODE    1.500000    2.160570   -0.660571 (VIOLATED)
mprj.sample_team_proj_Wrapper/la_data_in[104]    1.500000    2.130911   -0.630911 (VIOLATED)
ANTENNA_mprj.sample_team_proj_Wrapper_la_data_in[104]/DIODE    1.500000    2.130897   -0.630897 (VIOLATED)
ANTENNA_mprj.sample_team_proj_Wrapper_gpio_in[9]/DIODE    1.500000    2.060365   -0.560365 (VIOLATED)
mprj.sample_team_proj_Wrapper/gpio_in[9]    1.500000    2.060332   -0.560332 (VIOLATED)
ANTENNA_mprj.sample_team_proj_Wrapper_gpio_in[8]/DIODE    1.500000    2.052344   -0.552344 (VIOLATED)
mprj.sample_team_proj_Wrapper/gpio_in[8]    1.500000    2.052220   -0.552221 (VIOLATED)
output7/A                               1.500000    2.035577   -0.535577 (VIOLATED)
ANTENNA_output7_A/DIODE                 1.500000    2.035276   -0.535276 (VIOLATED)
output5/A                               1.500000    2.030768   -0.530769 (VIOLATED)
ANTENNA_output5_A/DIODE                 1.500000    2.030481   -0.530481 (VIOLATED)
ANTENNA_mprj.sample_team_proj_Wrapper_gpio_in[19]/DIODE    1.500000    2.020755   -0.520755 (VIOLATED)
mprj.sample_team_proj_Wrapper/gpio_in[19]    1.500000    2.020722   -0.520722 (VIOLATED)
ANTENNA_mprj.sample_team_proj_Wrapper_gpio_in[13]/DIODE    1.500000    2.001646   -0.501646 (VIOLATED)
mprj.sample_team_proj_Wrapper/gpio_in[13]    1.500000    2.001555   -0.501555 (VIOLATED)
ANTENNA_mprj.sample_team_proj_Wrapper_la_data_in[100]/DIODE    1.500000    1.989011   -0.489011 (VIOLATED)
mprj.sample_team_proj_Wrapper/la_data_in[100]    1.500000    1.988974   -0.488974 (VIOLATED)
ANTENNA_mprj.sample_team_proj_Wrapper_la_data_in[105]/DIODE    1.500000    1.985596   -0.485596 (VIOLATED)
mprj.sample_team_proj_Wrapper/la_data_in[105]    1.500000    1.985560   -0.485560 (VIOLATED)
ANTENNA_mprj.sample_team_proj_Wrapper_la_data_in[119]/DIODE    1.500000    1.971414   -0.471414 (VIOLATED)
mprj.sample_team_proj_Wrapper/la_data_in[119]    1.500000    1.971377   -0.471377 (VIOLATED)
ANTENNA_mprj.sample_team_proj_Wrapper_gpio_in[15]/DIODE    1.500000    1.957318   -0.457318 (VIOLATED)
mprj.sample_team_proj_Wrapper/gpio_in[15]    1.500000    1.957285   -0.457285 (VIOLATED)
ANTENNA_mprj.sample_team_proj_Wrapper_la_data_in[124]/DIODE    1.500000    1.943835   -0.443835 (VIOLATED)
mprj.sample_team_proj_Wrapper/la_data_in[124]    1.500000    1.943798   -0.443798 (VIOLATED)
mprj.sample_team_proj_Wrapper/wb_clk_i    1.500000    1.931194   -0.431194 (VIOLATED)
ANTENNA_mprj.sample_team_proj_Wrapper_wb_clk_i/DIODE    1.500000    1.931182   -0.431182 (VIOLATED)
ANTENNA_mprj.sample_team_proj_Wrapper_la_data_in[120]/DIODE    1.500000    1.900231   -0.400231 (VIOLATED)
mprj.sample_team_proj_Wrapper/la_data_in[120]    1.500000    1.900194   -0.400194 (VIOLATED)
ANTENNA_mprj.sample_team_proj_Wrapper_la_data_in[126]/DIODE    1.500000    1.875915   -0.375915 (VIOLATED)
mprj.sample_team_proj_Wrapper/la_data_in[126]    1.500000    1.875878   -0.375878 (VIOLATED)
ANTENNA_mprj.sample_team_proj_Wrapper_la_data_in[101]/DIODE    1.500000    1.875420   -0.375420 (VIOLATED)
mprj.sample_team_proj_Wrapper/la_data_in[101]    1.500000    1.875383   -0.375383 (VIOLATED)
ANTENNA_mprj.sample_team_proj_Wrapper_la_data_in[127]/DIODE    1.500000    1.872952   -0.372952 (VIOLATED)
mprj.sample_team_proj_Wrapper/la_data_in[127]    1.500000    1.872915   -0.372915 (VIOLATED)
output45/A                              1.500000    1.851766   -0.351766 (VIOLATED)
ANTENNA_output45_A/DIODE                1.500000    1.851471   -0.351471 (VIOLATED)
ANTENNA_mprj.sample_team_proj_Wrapper_gpio_in[16]/DIODE    1.500000    1.846362   -0.346362 (VIOLATED)
mprj.sample_team_proj_Wrapper/gpio_in[16]    1.500000    1.846277   -0.346277 (VIOLATED)
ANTENNA_mprj.sample_team_proj_Wrapper_la_data_in[102]/DIODE    1.500000    1.844243   -0.344243 (VIOLATED)
mprj.sample_team_proj_Wrapper/la_data_in[102]    1.500000    1.844206   -0.344206 (VIOLATED)
ANTENNA__1202__CLK/DIODE                1.500000    1.842356   -0.342356 (VIOLATED)
_1202_/CLK                              1.500000    1.842208   -0.342209 (VIOLATED)
_1138_/CLK                              1.500000    1.841281   -0.341281 (VIOLATED)
ANTENNA__1170__CLK/DIODE                1.500000    1.840878   -0.340878 (VIOLATED)
_1200_/CLK                              1.500000    1.840639   -0.340639 (VIOLATED)
ANTENNA__1138__CLK/DIODE                1.500000    1.840605   -0.340605 (VIOLATED)
ANTENNA__1105__CLK/DIODE                1.500000    1.840493   -0.340494 (VIOLATED)
_1105_/CLK                              1.500000    1.840448   -0.340448 (VIOLATED)
_1201_/CLK                              1.500000    1.837252   -0.337252 (VIOLATED)
ANTENNA__1203__CLK/DIODE                1.500000    1.837167   -0.337167 (VIOLATED)
_1203_/CLK                              1.500000    1.835670   -0.335670 (VIOLATED)
_1172_/CLK                              1.500000    1.834261   -0.334261 (VIOLATED)
ANTENNA__1109__CLK/DIODE                1.500000    1.834095   -0.334095 (VIOLATED)
_1107_/CLK                              1.500000    1.834086   -0.334086 (VIOLATED)
_1109_/CLK                              1.500000    1.834001   -0.334001 (VIOLATED)
ANTENNA__1142__CLK/DIODE                1.500000    1.833985   -0.333985 (VIOLATED)
_1142_/CLK                              1.500000    1.833974   -0.333974 (VIOLATED)
_1174_/CLK                              1.500000    1.833300   -0.333300 (VIOLATED)
ANTENNA_mprj.sample_team_proj_Wrapper_la_data_in[109]/DIODE    1.500000    1.833298   -0.333298 (VIOLATED)
ANTENNA__1174__CLK/DIODE                1.500000    1.833293   -0.333293 (VIOLATED)
_1103_/CLK                              1.500000    1.833270   -0.333270 (VIOLATED)
mprj.sample_team_proj_Wrapper/la_data_in[109]    1.500000    1.833261   -0.333261 (VIOLATED)
ANTENNA__1106__CLK/DIODE                1.500000    1.833217   -0.333217 (VIOLATED)
_1106_/CLK                              1.500000    1.833085   -0.333085 (VIOLATED)
ANTENNA__1139__CLK/DIODE                1.500000    1.833002   -0.333002 (VIOLATED)
_1139_/CLK                              1.500000    1.832903   -0.332903 (VIOLATED)
_1170_/CLK                              1.500000    1.832683   -0.332683 (VIOLATED)
ANTENNA__1205__CLK/DIODE                1.500000    1.832663   -0.332663 (VIOLATED)
ANTENNA__1206__CLK/DIODE                1.500000    1.832650   -0.332650 (VIOLATED)
ANTENNA__1171__CLK/DIODE                1.500000    1.832242   -0.332242 (VIOLATED)
_1173_/CLK                              1.500000    1.832185   -0.332185 (VIOLATED)
_1171_/CLK                              1.500000    1.832127   -0.332127 (VIOLATED)
ANTENNA__1173__CLK/DIODE                1.500000    1.832102   -0.332102 (VIOLATED)
_1141_/CLK                              1.500000    1.830991   -0.330991 (VIOLATED)
_1205_/CLK                              1.500000    1.830963   -0.330963 (VIOLATED)
_1206_/CLK                              1.500000    1.830929   -0.330929 (VIOLATED)
ANTENNA__1141__CLK/DIODE                1.500000    1.830928   -0.330928 (VIOLATED)
_1108_/CLK                              1.500000    1.830854   -0.330854 (VIOLATED)
ANTENNA__1108__CLK/DIODE                1.500000    1.829011   -0.329011 (VIOLATED)
ANTENNA__1215__CLK/DIODE                1.500000    1.828804   -0.328804 (VIOLATED)
ANTENNA__1088__CLK/DIODE                1.500000    1.828768   -0.328768 (VIOLATED)
_1088_/CLK                              1.500000    1.828754   -0.328754 (VIOLATED)
_1121_/CLK                              1.500000    1.828520   -0.328520 (VIOLATED)
_1153_/CLK                              1.500000    1.828304   -0.328304 (VIOLATED)
ANTENNA__1121__CLK/DIODE                1.500000    1.828290   -0.328291 (VIOLATED)
ANTENNA__1153__CLK/DIODE                1.500000    1.828265   -0.328265 (VIOLATED)
ANTENNA__1120__CLK/DIODE                1.500000    1.828195   -0.328195 (VIOLATED)
_1120_/CLK                              1.500000    1.827726   -0.327726 (VIOLATED)
ANTENNA_mprj.sample_team_proj_Wrapper_la_data_in[123]/DIODE    1.500000    1.826768   -0.326768 (VIOLATED)
mprj.sample_team_proj_Wrapper/la_data_in[123]    1.500000    1.826731   -0.326731 (VIOLATED)
_1179_/CLK                              1.500000    1.826430   -0.326430 (VIOLATED)
_1210_/CLK                              1.500000    1.826326   -0.326326 (VIOLATED)
ANTENNA__1210__CLK/DIODE                1.500000    1.826285   -0.326285 (VIOLATED)
_1178_/CLK                              1.500000    1.826150   -0.326150 (VIOLATED)
ANTENNA__1178__CLK/DIODE                1.500000    1.826096   -0.326096 (VIOLATED)
_1087_/CLK                              1.500000    1.825904   -0.325904 (VIOLATED)
ANTENNA__1087__CLK/DIODE                1.500000    1.825863   -0.325864 (VIOLATED)
_1177_/CLK                              1.500000    1.825773   -0.325773 (VIOLATED)
ANTENNA__1177__CLK/DIODE                1.500000    1.825754   -0.325754 (VIOLATED)
_1207_/CLK                              1.500000    1.825563   -0.325563 (VIOLATED)
ANTENNA__1207__CLK/DIODE                1.500000    1.825534   -0.325534 (VIOLATED)
ANTENNA__1179__CLK/DIODE                1.500000    1.825152   -0.325152 (VIOLATED)
_1209_/CLK                              1.500000    1.825086   -0.325086 (VIOLATED)
ANTENNA__1209__CLK/DIODE                1.500000    1.825028   -0.325028 (VIOLATED)
_1175_/CLK                              1.500000    1.824899   -0.324899 (VIOLATED)
ANTENNA__1175__CLK/DIODE                1.500000    1.824860   -0.324860 (VIOLATED)
_1176_/CLK                              1.500000    1.824731   -0.324731 (VIOLATED)
ANTENNA__1176__CLK/DIODE                1.500000    1.824710   -0.324710 (VIOLATED)
ANTENNA__1211__CLK/DIODE                1.500000    1.824689   -0.324689 (VIOLATED)
_1211_/CLK                              1.500000    1.824663   -0.324663 (VIOLATED)
_1168_/CLK                              1.500000    1.824135   -0.324135 (VIOLATED)
ANTENNA__1116__CLK/DIODE                1.500000    1.824013   -0.324013 (VIOLATED)
_1208_/CLK                              1.500000    1.823702   -0.323702 (VIOLATED)
ANTENNA__1208__CLK/DIODE                1.500000    1.823638   -0.323638 (VIOLATED)
_1116_/CLK                              1.500000    1.823291   -0.323292 (VIOLATED)
_1148_/CLK                              1.500000    1.822911   -0.322911 (VIOLATED)
ANTENNA__1148__CLK/DIODE                1.500000    1.822876   -0.322876 (VIOLATED)
ANTENNA__1145__CLK/DIODE                1.500000    1.822857   -0.322858 (VIOLATED)
_1146_/CLK                              1.500000    1.822837   -0.322837 (VIOLATED)
ANTENNA__1146__CLK/DIODE                1.500000    1.822813   -0.322813 (VIOLATED)
_1077_/CLK                              1.500000    1.820928   -0.320928 (VIOLATED)
ANTENNA__1077__CLK/DIODE                1.500000    1.820874   -0.320874 (VIOLATED)
_1076_/CLK                              1.500000    1.820707   -0.320707 (VIOLATED)
ANTENNA__1076__CLK/DIODE                1.500000    1.820658   -0.320658 (VIOLATED)
_1075_/CLK                              1.500000    1.820483   -0.320483 (VIOLATED)
_1216_/CLK                              1.500000    1.820465   -0.320465 (VIOLATED)
ANTENNA__1075__CLK/DIODE                1.500000    1.820451   -0.320451 (VIOLATED)
_1074_/CLK                              1.500000    1.820416   -0.320416 (VIOLATED)
ANTENNA__1074__CLK/DIODE                1.500000    1.819871   -0.319871 (VIOLATED)
_1180_/CLK                              1.500000    1.819588   -0.319588 (VIOLATED)
ANTENNA__1149__CLK/DIODE                1.500000    1.819490   -0.319490 (VIOLATED)
_1149_/CLK                              1.500000    1.819388   -0.319388 (VIOLATED)
ANTENNA__1180__CLK/DIODE                1.500000    1.819107   -0.319107 (VIOLATED)
_1212_/CLK                              1.500000    1.819057   -0.319057 (VIOLATED)
ANTENNA__1212__CLK/DIODE                1.500000    1.818292   -0.318292 (VIOLATED)
_1214_/CLK                              1.500000    1.818180   -0.318180 (VIOLATED)
ANTENNA__1214__CLK/DIODE                1.500000    1.817348   -0.317348 (VIOLATED)
_1213_/CLK                              1.500000    1.816593   -0.316593 (VIOLATED)
_1181_/CLK                              1.500000    1.816576   -0.316576 (VIOLATED)
ANTENNA__1213__CLK/DIODE                1.500000    1.816552   -0.316552 (VIOLATED)
ANTENNA__1181__CLK/DIODE                1.500000    1.816356   -0.316357 (VIOLATED)
_1182_/CLK                              1.500000    1.816201   -0.316201 (VIOLATED)
ANTENNA_mprj.sample_team_proj_Wrapper_la_data_in[125]/DIODE    1.500000    1.815045   -0.315046 (VIOLATED)
mprj.sample_team_proj_Wrapper/la_data_in[125]    1.500000    1.815009   -0.315009 (VIOLATED)
ANTENNA__1182__CLK/DIODE                1.500000    1.814984   -0.314984 (VIOLATED)
ANTENNA__1150__CLK/DIODE                1.500000    1.814201   -0.314202 (VIOLATED)
_1150_/CLK                              1.500000    1.814025   -0.314025 (VIOLATED)
_1152_/CLK                              1.500000    1.811970   -0.311970 (VIOLATED)
ANTENNA__1152__CLK/DIODE                1.500000    1.811930   -0.311930 (VIOLATED)
ANTENNA__1168__CLK/DIODE                1.500000    1.811731   -0.311731 (VIOLATED)
_1197_/CLK                              1.500000    1.810886   -0.310886 (VIOLATED)
ANTENNA_mprj.sample_team_proj_Wrapper_la_data_in[103]/DIODE    1.500000    1.810702   -0.310702 (VIOLATED)
mprj.sample_team_proj_Wrapper/la_data_in[103]    1.500000    1.810665   -0.310665 (VIOLATED)
ANTENNA_mprj.sample_team_proj_Wrapper_la_data_in[118]/DIODE    1.500000    1.808911   -0.308911 (VIOLATED)
mprj.sample_team_proj_Wrapper/la_data_in[118]    1.500000    1.808874   -0.308874 (VIOLATED)
_1217_/CLK                              1.500000    1.808590   -0.308591 (VIOLATED)
ANTENNA__1217__CLK/DIODE                1.500000    1.808589   -0.308589 (VIOLATED)
_1185_/CLK                              1.500000    1.808581   -0.308582 (VIOLATED)
ANTENNA__1185__CLK/DIODE                1.500000    1.808555   -0.308555 (VIOLATED)
output4/A                               1.500000    1.808200   -0.308200 (VIOLATED)
ANTENNA__1197__CLK/DIODE                1.500000    1.808054   -0.308054 (VIOLATED)
_1099_/CLK                              1.500000    1.808008   -0.308008 (VIOLATED)
ANTENNA_output4_A/DIODE                 1.500000    1.807900   -0.307900 (VIOLATED)
_1229_/CLK                              1.500000    1.807611   -0.307611 (VIOLATED)
_1165_/CLK                              1.500000    1.807538   -0.307538 (VIOLATED)
ANTENNA__1103__CLK/DIODE                1.500000    1.807506   -0.307506 (VIOLATED)
ANTENNA__1165__CLK/DIODE                1.500000    1.807446   -0.307446 (VIOLATED)
ANTENNA__1099__CLK/DIODE                1.500000    1.804887   -0.304887 (VIOLATED)
_1130_/CLK                              1.500000    1.804153   -0.304153 (VIOLATED)
ANTENNA_mprj.sample_team_proj_Wrapper_la_data_in[113]/DIODE    1.500000    1.800299   -0.300299 (VIOLATED)
mprj.sample_team_proj_Wrapper/la_data_in[113]    1.500000    1.800262   -0.300262 (VIOLATED)
_1097_/CLK                              1.500000    1.799290   -0.299290 (VIOLATED)
_1218_/CLK                              1.500000    1.798015   -0.298015 (VIOLATED)
ANTENNA__1218__CLK/DIODE                1.500000    1.797974   -0.297974 (VIOLATED)
_1186_/CLK                              1.500000    1.797968   -0.297968 (VIOLATED)
ANTENNA__1186__CLK/DIODE                1.500000    1.797926   -0.297926 (VIOLATED)
_1155_/CLK                              1.500000    1.797578   -0.297579 (VIOLATED)
ANTENNA__1155__CLK/DIODE                1.500000    1.797552   -0.297553 (VIOLATED)
_1154_/CLK                              1.500000    1.796327   -0.296327 (VIOLATED)
ANTENNA__1154__CLK/DIODE                1.500000    1.796286   -0.296287 (VIOLATED)
ANTENNA__1201__CLK/DIODE                1.500000    1.795715   -0.295715 (VIOLATED)
_1101_/CLK                              1.500000    1.795702   -0.295702 (VIOLATED)
_1132_/CLK                              1.500000    1.795696   -0.295696 (VIOLATED)
ANTENNA__1101__CLK/DIODE                1.500000    1.795664   -0.295664 (VIOLATED)
_1134_/CLK                              1.500000    1.795318   -0.295318 (VIOLATED)
ANTENNA__1200__CLK/DIODE                1.500000    1.795289   -0.295289 (VIOLATED)
ANTENNA__1134__CLK/DIODE                1.500000    1.795210   -0.295210 (VIOLATED)
_1166_/CLK                              1.500000    1.795058   -0.295058 (VIOLATED)
_1196_/CLK                              1.500000    1.793224   -0.293224 (VIOLATED)
ANTENNA__1164__CLK/DIODE                1.500000    1.793164   -0.293164 (VIOLATED)
_1228_/CLK                              1.500000    1.793017   -0.293017 (VIOLATED)
ANTENNA__1198__CLK/DIODE                1.500000    1.792656   -0.292656 (VIOLATED)
_1156_/CLK                              1.500000    1.789689   -0.289689 (VIOLATED)
ANTENNA__1156__CLK/DIODE                1.500000    1.789448   -0.289449 (VIOLATED)
_1164_/CLK                              1.500000    1.787394   -0.287394 (VIOLATED)
_1198_/CLK                              1.500000    1.787318   -0.287318 (VIOLATED)
_1230_/CLK                              1.500000    1.787088   -0.287088 (VIOLATED)
ANTENNA__1230__CLK/DIODE                1.500000    1.786159   -0.286159 (VIOLATED)
_1162_/CLK                              1.500000    1.785947   -0.285948 (VIOLATED)
_1188_/CLK                              1.500000    1.783831   -0.283831 (VIOLATED)
_1220_/CLK                              1.500000    1.783818   -0.283818 (VIOLATED)
ANTENNA__1188__CLK/DIODE                1.500000    1.783807   -0.283807 (VIOLATED)
ANTENNA__1220__CLK/DIODE                1.500000    1.783801   -0.283801 (VIOLATED)
ANTENNA__1132__CLK/DIODE                1.500000    1.783076   -0.283076 (VIOLATED)
_1161_/CLK                              1.500000    1.783019   -0.283019 (VIOLATED)
ANTENNA__1166__CLK/DIODE                1.500000    1.782874   -0.282874 (VIOLATED)
ANTENNA__1162__CLK/DIODE                1.500000    1.781642   -0.281642 (VIOLATED)
ANTENNA__1231__CLK/DIODE                1.500000    1.779584   -0.279584 (VIOLATED)
_1223_/CLK                              1.500000    1.779517   -0.279517 (VIOLATED)
_1231_/CLK                              1.500000    1.779451   -0.279451 (VIOLATED)
_1184_/CLK                              1.500000    1.777618   -0.277618 (VIOLATED)
ANTENNA__1216__CLK/DIODE                1.500000    1.777563   -0.277563 (VIOLATED)
ANTENNA__1184__CLK/DIODE                1.500000    1.777406   -0.277406 (VIOLATED)
_1219_/CLK                              1.500000    1.777274   -0.277274 (VIOLATED)
ANTENNA__1219__CLK/DIODE                1.500000    1.777239   -0.277239 (VIOLATED)
_1187_/CLK                              1.500000    1.776860   -0.276860 (VIOLATED)
ANTENNA__1187__CLK/DIODE                1.500000    1.776836   -0.276836 (VIOLATED)
ANTENNA__1222__CLK/DIODE                1.500000    1.776266   -0.276266 (VIOLATED)
_1222_/CLK                              1.500000    1.775742   -0.275742 (VIOLATED)
ANTENNA__1223__CLK/DIODE                1.500000    1.775739   -0.275739 (VIOLATED)
ANTENNA__1190__CLK/DIODE                1.500000    1.775732   -0.275732 (VIOLATED)
ANTENNA__1191__CLK/DIODE                1.500000    1.775727   -0.275727 (VIOLATED)
ANTENNA__1225__CLK/DIODE                1.500000    1.775649   -0.275649 (VIOLATED)
_1194_/CLK                              1.500000    1.775490   -0.275490 (VIOLATED)
ANTENNA__1196__CLK/DIODE                1.500000    1.775487   -0.275487 (VIOLATED)
_1190_/CLK                              1.500000    1.775478   -0.275478 (VIOLATED)
_1193_/CLK                              1.500000    1.775366   -0.275366 (VIOLATED)
_1225_/CLK                              1.500000    1.775319   -0.275319 (VIOLATED)
_1226_/CLK                              1.500000    1.775312   -0.275312 (VIOLATED)
ANTENNA__1228__CLK/DIODE                1.500000    1.775291   -0.275291 (VIOLATED)
ANTENNA__1194__CLK/DIODE                1.500000    1.775276   -0.275276 (VIOLATED)
ANTENNA__1193__CLK/DIODE                1.500000    1.775199   -0.275199 (VIOLATED)
ANTENNA__1226__CLK/DIODE                1.500000    1.775130   -0.275130 (VIOLATED)
_1191_/CLK                              1.500000    1.773548   -0.273548 (VIOLATED)
_1158_/CLK                              1.500000    1.771756   -0.271756 (VIOLATED)
ANTENNA__1158__CLK/DIODE                1.500000    1.771734   -0.271734 (VIOLATED)
ANTENNA__1161__CLK/DIODE                1.500000    1.762748   -0.262748 (VIOLATED)
_1159_/CLK                              1.500000    1.743571   -0.243571 (VIOLATED)
mprj.sample_team_proj_Wrapper/la_data_in[108]    1.500000    1.731337   -0.231337 (VIOLATED)
ANTENNA_mprj.sample_team_proj_Wrapper_la_data_in[108]/DIODE    1.500000    1.731308   -0.231308 (VIOLATED)
ANTENNA_mprj.sample_team_proj_Wrapper_gpio_in[10]/DIODE    1.500000    1.728929   -0.228929 (VIOLATED)
mprj.sample_team_proj_Wrapper/gpio_in[10]    1.500000    1.728819   -0.228819 (VIOLATED)
ANTENNA__1130__CLK/DIODE                1.500000    1.727171   -0.227171 (VIOLATED)
ANTENNA__1097__CLK/DIODE                1.500000    1.724662   -0.224662 (VIOLATED)
ANTENNA__1129__CLK/DIODE                1.500000    1.724610   -0.224610 (VIOLATED)
ANTENNA__1159__CLK/DIODE                1.500000    1.719073   -0.219073 (VIOLATED)
_1126_/CLK                              1.500000    1.702075   -0.202076 (VIOLATED)
ANTENNA__1126__CLK/DIODE                1.500000    1.702044   -0.202044 (VIOLATED)
_1127_/CLK                              1.500000    1.701846   -0.201846 (VIOLATED)
ANTENNA__1127__CLK/DIODE                1.500000    1.701834   -0.201835 (VIOLATED)
ANTENNA_mprj.sample_team_proj_Wrapper_gpio_in[17]/DIODE    1.500000    1.693764   -0.193764 (VIOLATED)
mprj.sample_team_proj_Wrapper/gpio_in[17]    1.500000    1.693727   -0.193727 (VIOLATED)
ANTENNA__1096__CLK/DIODE                1.500000    1.680501   -0.180501 (VIOLATED)
_1094_/CLK                              1.500000    1.679659   -0.179659 (VIOLATED)
ANTENNA__1093__CLK/DIODE                1.500000    1.677520   -0.177520 (VIOLATED)
ANTENNA__1094__CLK/DIODE                1.500000    1.677498   -0.177498 (VIOLATED)
output46/A                              1.500000    1.664650   -0.164650 (VIOLATED)
ANTENNA_output46_A/DIODE                1.500000    1.664339   -0.164339 (VIOLATED)
_1093_/CLK                              1.500000    1.661735   -0.161735 (VIOLATED)
output40/A                              1.500000    1.660061   -0.160062 (VIOLATED)
ANTENNA_output40_A/DIODE                1.500000    1.659756   -0.159756 (VIOLATED)
ANTENNA_mprj.sample_team_proj_Wrapper_la_data_in[115]/DIODE    1.500000    1.639569   -0.139569 (VIOLATED)
mprj.sample_team_proj_Wrapper/la_data_in[115]    1.500000    1.639526   -0.139526 (VIOLATED)
_1124_/CLK                              1.500000    1.639414   -0.139414 (VIOLATED)
ANTENNA__1124__CLK/DIODE                1.500000    1.636201   -0.136201 (VIOLATED)
ANTENNA_mprj.sample_team_proj_Wrapper_la_data_in[111]/DIODE    1.500000    1.628810   -0.128810 (VIOLATED)
mprj.sample_team_proj_Wrapper/la_data_in[111]    1.500000    1.628773   -0.128773 (VIOLATED)
ANTENNA_mprj.sample_team_proj_Wrapper_la_data_in[117]/DIODE    1.500000    1.621246   -0.121246 (VIOLATED)
mprj.sample_team_proj_Wrapper/la_data_in[117]    1.500000    1.621209   -0.121209 (VIOLATED)
ANTENNA_mprj.sample_team_proj_Wrapper_la_data_in[116]/DIODE    1.500000    1.618589   -0.118589 (VIOLATED)
mprj.sample_team_proj_Wrapper/la_data_in[116]    1.500000    1.618552   -0.118552 (VIOLATED)
_1123_/CLK                              1.500000    1.617555   -0.117556 (VIOLATED)
ANTENNA__1123__CLK/DIODE                1.500000    1.617478   -0.117478 (VIOLATED)
_1090_/CLK                              1.500000    1.617448   -0.117448 (VIOLATED)
_1091_/CLK                              1.500000    1.615741   -0.115741 (VIOLATED)
ANTENNA__1091__CLK/DIODE                1.500000    1.612301   -0.112301 (VIOLATED)
ANTENNA_mprj.sample_team_proj_Wrapper_gpio_in[24]/DIODE    1.500000    1.608763   -0.108763 (VIOLATED)
mprj.sample_team_proj_Wrapper/gpio_in[24]    1.500000    1.608676   -0.108676 (VIOLATED)
ANTENNA_mprj.sample_team_proj_Wrapper_la_data_in[114]/DIODE    1.500000    1.608650   -0.108650 (VIOLATED)
mprj.sample_team_proj_Wrapper/la_data_in[114]    1.500000    1.608617   -0.108617 (VIOLATED)
ANTENNA_mprj.sample_team_proj_Wrapper_la_data_in[112]/DIODE    1.500000    1.608246   -0.108246 (VIOLATED)
mprj.sample_team_proj_Wrapper/la_data_in[112]    1.500000    1.608209   -0.108209 (VIOLATED)
ANTENNA_mprj.sample_team_proj_Wrapper_la_data_in[107]/DIODE    1.500000    1.605657   -0.105657 (VIOLATED)
mprj.sample_team_proj_Wrapper/la_data_in[107]    1.500000    1.605620   -0.105620 (VIOLATED)
output17/A                              1.500000    1.597829   -0.097829 (VIOLATED)
ANTENNA_output17_A/DIODE                1.500000    1.597521   -0.097521 (VIOLATED)
ANTENNA__1090__CLK/DIODE                1.500000    1.589181   -0.089181 (VIOLATED)
ANTENNA_mprj.sample_team_proj_Wrapper_la_data_in[106]/DIODE    1.500000    1.583563   -0.083563 (VIOLATED)
mprj.sample_team_proj_Wrapper/la_data_in[106]    1.500000    1.583526   -0.083526 (VIOLATED)
ANTENNA_mprj.sample_team_proj_Wrapper_gpio_in[21]/DIODE    1.500000    1.583492   -0.083492 (VIOLATED)
mprj.sample_team_proj_Wrapper/gpio_in[21]    1.500000    1.583416   -0.083416 (VIOLATED)
_1204_/CLK                              1.500000    1.580659   -0.080659 (VIOLATED)
_1140_/CLK                              1.500000    1.580650   -0.080650 (VIOLATED)
ANTENNA__1107__CLK/DIODE                1.500000    1.580402   -0.080402 (VIOLATED)
ANTENNA__1204__CLK/DIODE                1.500000    1.579995   -0.079995 (VIOLATED)
ANTENNA__1172__CLK/DIODE                1.500000    1.579878   -0.079878 (VIOLATED)
_1137_/CLK                              1.500000    1.579759   -0.079759 (VIOLATED)
ANTENNA__1140__CLK/DIODE                1.500000    1.579630   -0.079630 (VIOLATED)
_1104_/CLK                              1.500000    1.579203   -0.079204 (VIOLATED)
_1136_/CLK                              1.500000    1.578811   -0.078811 (VIOLATED)
ANTENNA__1136__CLK/DIODE                1.500000    1.578782   -0.078782 (VIOLATED)
_1169_/CLK                              1.500000    1.578696   -0.078696 (VIOLATED)
ANTENNA__1169__CLK/DIODE                1.500000    1.578664   -0.078664 (VIOLATED)
_1102_/CLK                              1.500000    1.578644   -0.078644 (VIOLATED)
_1199_/CLK                              1.500000    1.578586   -0.078586 (VIOLATED)
ANTENNA__1137__CLK/DIODE                1.500000    1.578458   -0.078458 (VIOLATED)
ANTENNA__1104__CLK/DIODE                1.500000    1.577515   -0.077516 (VIOLATED)
_1167_/CLK                              1.500000    1.577375   -0.077375 (VIOLATED)
_1163_/CLK                              1.500000    1.575790   -0.075790 (VIOLATED)
ANTENNA__1167__CLK/DIODE                1.500000    1.575672   -0.075672 (VIOLATED)
_1183_/CLK                              1.500000    1.574823   -0.074824 (VIOLATED)
ANTENNA__1199__CLK/DIODE                1.500000    1.574555   -0.074555 (VIOLATED)
_1133_/CLK                              1.500000    1.574470   -0.074470 (VIOLATED)
_1100_/CLK                              1.500000    1.574452   -0.074452 (VIOLATED)
ANTENNA__1100__CLK/DIODE                1.500000    1.574414   -0.074414 (VIOLATED)
_1195_/CLK                              1.500000    1.574391   -0.074391 (VIOLATED)
ANTENNA__1195__CLK/DIODE                1.500000    1.573516   -0.073516 (VIOLATED)
_1131_/CLK                              1.500000    1.571963   -0.071963 (VIOLATED)
ANTENNA__1163__CLK/DIODE                1.500000    1.570215   -0.070215 (VIOLATED)
ANTENNA__1131__CLK/DIODE                1.500000    1.569374   -0.069374 (VIOLATED)
_1129_/CLK                              1.500000    1.569061   -0.069061 (VIOLATED)
ANTENNA__1229__CLK/DIODE                1.500000    1.568828   -0.068828 (VIOLATED)
ANTENNA__1133__CLK/DIODE                1.500000    1.568717   -0.068717 (VIOLATED)
_1096_/CLK                              1.500000    1.568481   -0.068481 (VIOLATED)
_1227_/CLK                              1.500000    1.568155   -0.068155 (VIOLATED)
ANTENNA__1227__CLK/DIODE                1.500000    1.568127   -0.068127 (VIOLATED)
_1160_/CLK                              1.500000    1.567384   -0.067384 (VIOLATED)
_1135_/CLK                              1.500000    1.566371   -0.066371 (VIOLATED)
ANTENNA__1102__CLK/DIODE                1.500000    1.566248   -0.066248 (VIOLATED)
ANTENNA__1135__CLK/DIODE                1.500000    1.566190   -0.066190 (VIOLATED)
_1098_/CLK                              1.500000    1.566185   -0.066185 (VIOLATED)
ANTENNA__1098__CLK/DIODE                1.500000    1.566153   -0.066153 (VIOLATED)
_1192_/CLK                              1.500000    1.565726   -0.065726 (VIOLATED)
ANTENNA__1192__CLK/DIODE                1.500000    1.565414   -0.065414 (VIOLATED)
ANTENNA__1160__CLK/DIODE                1.500000    1.565222   -0.065222 (VIOLATED)
output47/A                              1.500000    1.564721   -0.064722 (VIOLATED)
ANTENNA_output47_A/DIODE                1.500000    1.564001   -0.064001 (VIOLATED)
ANTENNA__1128__CLK/DIODE                1.500000    1.560578   -0.060578 (VIOLATED)
_1128_/CLK                              1.500000    1.557913   -0.057913 (VIOLATED)
_1224_/CLK                              1.500000    1.554967   -0.054967 (VIOLATED)
ANTENNA__1224__CLK/DIODE                1.500000    1.551977   -0.051977 (VIOLATED)
output42/A                              1.500000    1.550497   -0.050497 (VIOLATED)
ANTENNA_output42_A/DIODE                1.500000    1.550197   -0.050197 (VIOLATED)
_1189_/CLK                              1.500000    1.547802   -0.047802 (VIOLATED)
ANTENNA__1095__CLK/DIODE                1.500000    1.547286   -0.047286 (VIOLATED)
_1095_/CLK                              1.500000    1.547224   -0.047224 (VIOLATED)
_1157_/CLK                              1.500000    1.547142   -0.047142 (VIOLATED)
_1092_/CLK                              1.500000    1.547001   -0.047001 (VIOLATED)
ANTENNA__1189__CLK/DIODE                1.500000    1.543913   -0.043913 (VIOLATED)
ANTENNA__1157__CLK/DIODE                1.500000    1.543702   -0.043702 (VIOLATED)
ANTENNA__1183__CLK/DIODE                1.500000    1.543172   -0.043172 (VIOLATED)
ANTENNA__1092__CLK/DIODE                1.500000    1.539120   -0.039120 (VIOLATED)
_1221_/CLK                              1.500000    1.538852   -0.038852 (VIOLATED)
ANTENNA__1221__CLK/DIODE                1.500000    1.538761   -0.038761 (VIOLATED)
ANTENNA__1089__CLK/DIODE                1.500000    1.537660   -0.037660 (VIOLATED)
_1151_/CLK                              1.500000    1.536135   -0.036135 (VIOLATED)
_1125_/CLK                              1.500000    1.535515   -0.035515 (VIOLATED)
ANTENNA__1125__CLK/DIODE                1.500000    1.535079   -0.035079 (VIOLATED)
_1122_/CLK                              1.500000    1.529440   -0.029440 (VIOLATED)
ANTENNA__1122__CLK/DIODE                1.500000    1.525570   -0.025570 (VIOLATED)
_1089_/CLK                              1.500000    1.523688   -0.023688 (VIOLATED)
ANTENNA__1151__CLK/DIODE                1.500000    1.519190   -0.019190 (VIOLATED)
_1110_/CLK                              1.500000    1.510396   -0.010397 (VIOLATED)
ANTENNA__1119__CLK/DIODE                1.500000    1.510339   -0.010340 (VIOLATED)
_1119_/CLK                              1.500000    1.510328   -0.010328 (VIOLATED)
_1215_/CLK                              1.500000    1.510296   -0.010296 (VIOLATED)

max fanout

Pin                                   Limit Fanout  Slack
---------------------------------------------------------
wb_clk_i                                 10    317   -307 (VIOLATED)
wbs_dat_i[14]                            10     95    -85 (VIOLATED)
wbs_dat_i[17]                            10     94    -84 (VIOLATED)
wbs_dat_i[15]                            10     93    -83 (VIOLATED)
wbs_dat_i[20]                            10     83    -73 (VIOLATED)
wbs_dat_i[22]                            10     83    -73 (VIOLATED)
wbs_dat_i[25]                            10     83    -73 (VIOLATED)
wbs_dat_i[30]                            10     81    -71 (VIOLATED)
wbs_dat_i[28]                            10     54    -44 (VIOLATED)
wbs_dat_i[18]                            10     47    -37 (VIOLATED)
wbs_dat_i[19]                            10     47    -37 (VIOLATED)
wbs_dat_i[21]                            10     47    -37 (VIOLATED)
wbs_dat_i[24]                            10     47    -37 (VIOLATED)
mprj.sample_team_proj_Wrapper/wbs_dat_o[28]     10     47    -37 (VIOLATED)
mprj.sample_team_proj_Wrapper/wbs_dat_o[27]     10     43    -33 (VIOLATED)
mprj.sample_team_proj_Wrapper/wbs_dat_o[30]     10     43    -33 (VIOLATED)
wbs_dat_i[26]                            10     41    -31 (VIOLATED)
mprj.sample_team_proj_Wrapper/wbs_dat_o[26]     10     40    -30 (VIOLATED)
wbs_dat_i[5]                             10     33    -23 (VIOLATED)
wbs_adr_i[15]                            10     27    -17 (VIOLATED)
wbs_dat_i[16]                            10     27    -17 (VIOLATED)
wbs_dat_i[23]                            10     27    -17 (VIOLATED)
wbs_dat_i[27]                            10     27    -17 (VIOLATED)
wbs_dat_i[29]                            10     27    -17 (VIOLATED)
wbs_dat_i[31]                            10     27    -17 (VIOLATED)
wbs_dat_i[3]                             10     24    -14 (VIOLATED)
mprj.sample_team_proj_Wrapper/gpio_out[23]     10     23    -13 (VIOLATED)
fanout239/X                              10     20    -10 (VIOLATED)
fanout242/X                              10     20    -10 (VIOLATED)
fanout244/X                              10     20    -10 (VIOLATED)
fanout246/X                              10     20    -10 (VIOLATED)
fanout248/X                              10     20    -10 (VIOLATED)
fanout250/X                              10     20    -10 (VIOLATED)
fanout252/X                              10     20    -10 (VIOLATED)
fanout254/X                              10     20    -10 (VIOLATED)
fanout256/X                              10     20    -10 (VIOLATED)
fanout258/X                              10     20    -10 (VIOLATED)
fanout260/X                              10     20    -10 (VIOLATED)
fanout263/X                              10     20    -10 (VIOLATED)
fanout264/X                              10     20    -10 (VIOLATED)
fanout270/X                              10     20    -10 (VIOLATED)
fanout272/X                              10     20    -10 (VIOLATED)
fanout276/X                              10     20    -10 (VIOLATED)
fanout278/X                              10     20    -10 (VIOLATED)
fanout279/X                              10     20    -10 (VIOLATED)
fanout283/X                              10     20    -10 (VIOLATED)
fanout292/X                              10     20    -10 (VIOLATED)
fanout295/X                              10     20    -10 (VIOLATED)
fanout311/X                              10     20    -10 (VIOLATED)
wbs_dat_i[0]                             10     18     -8 (VIOLATED)
wbs_dat_i[1]                             10     18     -8 (VIOLATED)
wbs_dat_i[2]                             10     18     -8 (VIOLATED)
_0567_/Y                                 10     18     -8 (VIOLATED)
_0709_/X                                 10     16     -6 (VIOLATED)
mprj.sample_team_proj_Wrapper/wbs_dat_o[16]     10     16     -6 (VIOLATED)
mprj.sample_team_proj_Wrapper/wbs_dat_o[18]     10     16     -6 (VIOLATED)
mprj.sample_team_proj_Wrapper/wbs_dat_o[19]     10     16     -6 (VIOLATED)
wbs_dat_i[10]                            10     15     -5 (VIOLATED)
wbs_dat_i[11]                            10     15     -5 (VIOLATED)
wbs_dat_i[12]                            10     15     -5 (VIOLATED)
wbs_dat_i[13]                            10     15     -5 (VIOLATED)
wbs_dat_i[4]                             10     15     -5 (VIOLATED)
wbs_dat_i[6]                             10     15     -5 (VIOLATED)
wbs_dat_i[7]                             10     15     -5 (VIOLATED)
wbs_dat_i[8]                             10     15     -5 (VIOLATED)
wbs_dat_i[9]                             10     15     -5 (VIOLATED)
wbs_we_i                                 10     15     -5 (VIOLATED)
_0527_/Y                                 10     14     -4 (VIOLATED)
wb_rst_i                                 10     12     -2 (VIOLATED)
wbs_adr_i[11]                            10     12     -2 (VIOLATED)
wbs_adr_i[14]                            10     12     -2 (VIOLATED)
fanout243/X                              10     12     -2 (VIOLATED)
fanout262/X                              10     12     -2 (VIOLATED)
fanout309/X                              10     12     -2 (VIOLATED)
fanout314/X                              10     12     -2 (VIOLATED)
fanout319/X                              10     12     -2 (VIOLATED)
hold36/X                                 10     12     -2 (VIOLATED)
hold39/X                                 10     12     -2 (VIOLATED)
hold40/X                                 10     12     -2 (VIOLATED)
hold41/X                                 10     12     -2 (VIOLATED)
wbs_adr_i[7]                             10     11        (VIOLATED)
wbs_cyc_i                                10     11        (VIOLATED)
mprj.sample_team_proj_Wrapper/la_data_out[97]     10     11        (VIOLATED)
mprj.sample_team_proj_Wrapper/wbs_dat_o[12]     10     11        (VIOLATED)



===========================================================================
report_parasitic_annotation -report_unannotated
============================================================================
Found 308 unannotated drivers.
 analog_io[0]
 analog_io[10]
 analog_io[11]
 analog_io[12]
 analog_io[13]
 analog_io[14]
 analog_io[15]
 analog_io[16]
 analog_io[17]
 analog_io[18]
 analog_io[19]
 analog_io[1]
 analog_io[20]
 analog_io[21]
 analog_io[22]
 analog_io[23]
 analog_io[24]
 analog_io[25]
 analog_io[26]
 analog_io[27]
 analog_io[28]
 analog_io[2]
 analog_io[3]
 analog_io[4]
 analog_io[5]
 analog_io[6]
 analog_io[7]
 analog_io[8]
 analog_io[9]
 la_oenb[0]
 la_oenb[100]
 la_oenb[101]
 la_oenb[102]
 la_oenb[103]
 la_oenb[104]
 la_oenb[105]
 la_oenb[106]
 la_oenb[107]
 la_oenb[108]
 la_oenb[109]
 la_oenb[10]
 la_oenb[110]
 la_oenb[111]
 la_oenb[112]
 la_oenb[113]
 la_oenb[114]
 la_oenb[115]
 la_oenb[116]
 la_oenb[117]
 la_oenb[118]
 la_oenb[119]
 la_oenb[11]
 la_oenb[120]
 la_oenb[121]
 la_oenb[122]
 la_oenb[123]
 la_oenb[124]
 la_oenb[125]
 la_oenb[126]
 la_oenb[127]
 la_oenb[12]
 la_oenb[13]
 la_oenb[14]
 la_oenb[15]
 la_oenb[16]
 la_oenb[17]
 la_oenb[18]
 la_oenb[19]
 la_oenb[1]
 la_oenb[20]
 la_oenb[21]
 la_oenb[22]
 la_oenb[23]
 la_oenb[24]
 la_oenb[25]
 la_oenb[26]
 la_oenb[27]
 la_oenb[28]
 la_oenb[29]
 la_oenb[2]
 la_oenb[30]
 la_oenb[31]
 la_oenb[32]
 la_oenb[33]
 la_oenb[34]
 la_oenb[35]
 la_oenb[36]
 la_oenb[37]
 la_oenb[38]
 la_oenb[39]
 la_oenb[3]
 la_oenb[40]
 la_oenb[41]
 la_oenb[42]
 la_oenb[43]
 la_oenb[44]
 la_oenb[45]
 la_oenb[46]
 la_oenb[47]
 la_oenb[48]
 la_oenb[49]
 la_oenb[4]
 la_oenb[50]
 la_oenb[51]
 la_oenb[52]
 la_oenb[53]
 la_oenb[54]
 la_oenb[55]
 la_oenb[56]
 la_oenb[57]
 la_oenb[58]
 la_oenb[59]
 la_oenb[5]
 la_oenb[60]
 la_oenb[61]
 la_oenb[62]
 la_oenb[63]
 la_oenb[64]
 la_oenb[65]
 la_oenb[66]
 la_oenb[67]
 la_oenb[68]
 la_oenb[69]
 la_oenb[6]
 la_oenb[70]
 la_oenb[71]
 la_oenb[72]
 la_oenb[73]
 la_oenb[74]
 la_oenb[75]
 la_oenb[76]
 la_oenb[77]
 la_oenb[78]
 la_oenb[79]
 la_oenb[7]
 la_oenb[80]
 la_oenb[81]
 la_oenb[82]
 la_oenb[83]
 la_oenb[84]
 la_oenb[85]
 la_oenb[86]
 la_oenb[87]
 la_oenb[88]
 la_oenb[89]
 la_oenb[8]
 la_oenb[90]
 la_oenb[91]
 la_oenb[92]
 la_oenb[93]
 la_oenb[94]
 la_oenb[95]
 la_oenb[96]
 la_oenb[97]
 la_oenb[98]
 la_oenb[99]
 la_oenb[9]
 user_clock2
 _1232__331/HI
 _1233__332/HI
 _1234__333/HI
 mprj.sample_team_proj_Wrapper/irq[0]
 mprj.sample_team_proj_Wrapper/irq[1]
 mprj.sample_team_proj_Wrapper/irq[2]
 mprj.sample_team_proj_Wrapper_334/HI
 mprj.sample_team_proj_Wrapper_335/HI
 mprj.sample_team_proj_Wrapper_336/HI
 mprj.sample_team_proj_Wrapper_337/HI
 mprj.sample_team_proj_Wrapper_338/HI
 mprj.sample_team_proj_Wrapper_339/HI
 mprj.sample_team_proj_Wrapper_340/HI
 mprj.sample_team_proj_Wrapper_341/HI
 mprj.sample_team_proj_Wrapper_342/HI
 mprj.sample_team_proj_Wrapper_343/HI
 mprj.sample_team_proj_Wrapper_344/HI
 mprj.sample_team_proj_Wrapper_345/HI
 mprj.sample_team_proj_Wrapper_346/HI
 mprj.sample_team_proj_Wrapper_347/HI
 mprj.sample_team_proj_Wrapper_348/HI
 mprj.sample_team_proj_Wrapper_349/HI
 mprj.sample_team_proj_Wrapper_350/HI
 mprj.sample_team_proj_Wrapper_351/HI
 mprj.sample_team_proj_Wrapper_352/HI
 mprj.sample_team_proj_Wrapper_353/HI
 mprj.sample_team_proj_Wrapper_354/HI
 mprj.sample_team_proj_Wrapper_355/HI
 mprj.sample_team_proj_Wrapper_356/HI
 mprj.sample_team_proj_Wrapper_357/HI
 mprj.sample_team_proj_Wrapper_358/HI
 mprj.sample_team_proj_Wrapper_359/HI
 mprj.sample_team_proj_Wrapper_360/HI
 mprj.sample_team_proj_Wrapper_361/HI
 mprj.sample_team_proj_Wrapper_362/HI
 mprj.sample_team_proj_Wrapper_363/HI
 mprj.sample_team_proj_Wrapper_364/HI
 mprj.sample_team_proj_Wrapper_365/HI
 mprj.sample_team_proj_Wrapper_366/HI
 mprj.sample_team_proj_Wrapper_367/HI
 mprj.sample_team_proj_Wrapper_368/HI
 mprj.sample_team_proj_Wrapper_369/HI
 mprj.sample_team_proj_Wrapper_370/HI
 mprj.sample_team_proj_Wrapper_371/HI
 mprj.sample_team_proj_Wrapper_372/HI
 mprj.sample_team_proj_Wrapper_373/HI
 mprj.sample_team_proj_Wrapper_374/HI
 mprj.sample_team_proj_Wrapper_375/HI
 mprj.sample_team_proj_Wrapper_376/HI
 mprj.sample_team_proj_Wrapper_377/HI
 mprj.sample_team_proj_Wrapper_378/HI
 mprj.sample_team_proj_Wrapper_379/HI
 mprj.sample_team_proj_Wrapper_380/HI
 mprj.sample_team_proj_Wrapper_381/HI
 mprj.sample_team_proj_Wrapper_382/HI
 mprj.sample_team_proj_Wrapper_383/HI
 mprj.sample_team_proj_Wrapper_384/HI
 mprj.sample_team_proj_Wrapper_385/HI
 mprj.sample_team_proj_Wrapper_386/HI
 mprj.sample_team_proj_Wrapper_387/HI
 mprj.sample_team_proj_Wrapper_388/HI
 mprj.sample_team_proj_Wrapper_389/HI
 mprj.sample_team_proj_Wrapper_390/HI
 mprj.sample_team_proj_Wrapper_391/HI
 mprj.sample_team_proj_Wrapper_392/HI
 mprj.sample_team_proj_Wrapper_393/HI
 mprj.sample_team_proj_Wrapper_394/HI
 mprj.sample_team_proj_Wrapper_395/HI
 mprj.sample_team_proj_Wrapper_396/HI
 mprj.sample_team_proj_Wrapper_397/HI
 mprj.sample_team_proj_Wrapper_398/HI
 mprj.sample_team_proj_Wrapper_399/HI
 mprj.sample_team_proj_Wrapper_400/HI
 mprj.sample_team_proj_Wrapper_401/HI
 mprj.sample_team_proj_Wrapper_402/HI
 mprj.sample_team_proj_Wrapper_403/HI
 mprj.sample_team_proj_Wrapper_404/HI
 mprj.sample_team_proj_Wrapper_405/HI
 mprj.sample_team_proj_Wrapper_406/HI
 mprj.sample_team_proj_Wrapper_407/HI
 mprj.sample_team_proj_Wrapper_408/HI
 mprj.sample_team_proj_Wrapper_409/HI
 mprj.sample_team_proj_Wrapper_410/HI
 mprj.sample_team_proj_Wrapper_411/HI
 mprj.sample_team_proj_Wrapper_412/HI
 mprj.sample_team_proj_Wrapper_413/HI
 mprj.sample_team_proj_Wrapper_414/HI
 mprj.sample_team_proj_Wrapper_415/HI
 mprj.sample_team_proj_Wrapper_416/HI
 mprj.sample_team_proj_Wrapper_417/HI
 mprj.sample_team_proj_Wrapper_418/HI
 mprj.sample_team_proj_Wrapper_419/HI
 mprj.sample_team_proj_Wrapper_420/HI
 mprj.sample_team_proj_Wrapper_421/HI
 mprj.sample_team_proj_Wrapper_422/HI
 mprj.sample_team_proj_Wrapper_423/HI
 mprj.sample_team_proj_Wrapper_424/HI
 mprj.sample_team_proj_Wrapper_425/HI
 mprj.sample_team_proj_Wrapper_426/HI
 mprj.sample_team_proj_Wrapper_427/HI
 mprj.sample_team_proj_Wrapper_428/HI
 mprj.sample_team_proj_Wrapper_429/HI
 mprj.sample_team_proj_Wrapper_430/HI
 mprj.sample_team_proj_Wrapper_431/HI
 mprj.sample_team_proj_Wrapper_432/HI
 mprj.sample_team_proj_Wrapper_433/HI
 mprj.sample_team_proj_Wrapper_434/HI
 mprj.sample_team_proj_Wrapper_435/HI
 mprj.sample_team_proj_Wrapper_436/HI
 mprj.sample_team_proj_Wrapper_437/HI
 mprj.sample_team_proj_Wrapper_438/HI
 mprj.sample_team_proj_Wrapper_439/HI
 mprj.sample_team_proj_Wrapper_440/HI
 mprj.sample_team_proj_Wrapper_441/HI
 mprj.sample_team_proj_Wrapper_442/HI
 mprj.sample_team_proj_Wrapper_443/HI
 mprj.sample_team_proj_Wrapper_444/HI
 mprj.sample_team_proj_Wrapper_445/HI
 mprj.sample_team_proj_Wrapper_446/HI
 mprj.sample_team_proj_Wrapper_447/HI
 mprj.sample_team_proj_Wrapper_448/HI
 mprj.sample_team_proj_Wrapper_449/HI
 mprj.sample_team_proj_Wrapper_450/HI
 mprj.sample_team_proj_Wrapper_451/HI
 mprj.sample_team_proj_Wrapper_452/HI
 mprj.sample_team_proj_Wrapper_453/HI
 mprj.sample_team_proj_Wrapper_454/HI
 mprj.sample_team_proj_Wrapper_455/HI
 mprj.sample_team_proj_Wrapper_456/HI
 mprj.sample_team_proj_Wrapper_457/HI
 mprj.sample_team_proj_Wrapper_458/HI
 mprj.sample_team_proj_Wrapper_459/HI
 mprj.sample_team_proj_Wrapper_460/HI
 mprj.sample_team_proj_Wrapper_461/HI
 mprj.sample_team_proj_Wrapper_462/HI
 mprj.sample_team_proj_Wrapper_463/HI
 mprj.sample_team_proj_Wrapper_464/HI
 mprj.sample_team_proj_Wrapper_465/HI
 mprj.sample_team_proj_Wrapper_466/HI
 mprj.sample_team_proj_Wrapper_467/HI
 mprj.sample_team_proj_Wrapper_468/HI
 mprj.sample_team_proj_Wrapper_469/HI
 mprj.sample_team_proj_Wrapper_470/HI
 mprj.sample_team_proj_Wrapper_471/HI
 mprj.sample_team_proj_Wrapper_472/HI
 mprj.sample_team_proj_Wrapper_473/HI
 mprj.sample_team_proj_Wrapper_474/HI
 mprj.sample_team_proj_Wrapper_475/HI
 mprj.sample_team_proj_Wrapper_476/HI
 mprj.sample_team_proj_Wrapper_477/HI
Found 0 partially unannotated drivers.

===========================================================================
max slew violation count 378
max fanout violation count 84
max cap violation count 0
============================================================================

===========================================================================
check_setup -verbose -unconstrained_endpoints -multiple_clock -no_clock -no_input_delay -loops -generated_clocks
===========================================================================
Warning: There are 68 input ports missing set_input_delay.
  analog_io[0]
  analog_io[10]
  analog_io[11]
  analog_io[12]
  analog_io[13]
  analog_io[14]
  analog_io[15]
  analog_io[16]
  analog_io[17]
  analog_io[18]
  analog_io[19]
  analog_io[1]
  analog_io[20]
  analog_io[21]
  analog_io[22]
  analog_io[23]
  analog_io[24]
  analog_io[25]
  analog_io[26]
  analog_io[27]
  analog_io[28]
  analog_io[2]
  analog_io[3]
  analog_io[4]
  analog_io[5]
  analog_io[6]
  analog_io[7]
  analog_io[8]
  analog_io[9]
  io_in[0]
  io_in[10]
  io_in[11]
  io_in[12]
  io_in[13]
  io_in[14]
  io_in[15]
  io_in[16]
  io_in[17]
  io_in[18]
  io_in[19]
  io_in[1]
  io_in[20]
  io_in[21]
  io_in[22]
  io_in[23]
  io_in[24]
  io_in[25]
  io_in[26]
  io_in[27]
  io_in[28]
  io_in[29]
  io_in[2]
  io_in[30]
  io_in[31]
  io_in[32]
  io_in[33]
  io_in[34]
  io_in[35]
  io_in[36]
  io_in[37]
  io_in[3]
  io_in[4]
  io_in[5]
  io_in[6]
  io_in[7]
  io_in[8]
  io_in[9]
  user_clock2
Warning: There are 236 unconstrained endpoints.
  analog_io[0]
  analog_io[10]
  analog_io[11]
  analog_io[12]
  analog_io[13]
  analog_io[14]
  analog_io[15]
  analog_io[16]
  analog_io[17]
  analog_io[18]
  analog_io[19]
  analog_io[1]
  analog_io[20]
  analog_io[21]
  analog_io[22]
  analog_io[23]
  analog_io[24]
  analog_io[25]
  analog_io[26]
  analog_io[27]
  analog_io[28]
  analog_io[2]
  analog_io[3]
  analog_io[4]
  analog_io[5]
  analog_io[6]
  analog_io[7]
  analog_io[8]
  analog_io[9]
  io_oeb[0]
  io_oeb[10]
  io_oeb[11]
  io_oeb[12]
  io_oeb[13]
  io_oeb[14]
  io_oeb[15]
  io_oeb[16]
  io_oeb[17]
  io_oeb[18]
  io_oeb[19]
  io_oeb[1]
  io_oeb[20]
  io_oeb[21]
  io_oeb[22]
  io_oeb[23]
  io_oeb[24]
  io_oeb[25]
  io_oeb[26]
  io_oeb[27]
  io_oeb[28]
  io_oeb[29]
  io_oeb[2]
  io_oeb[30]
  io_oeb[31]
  io_oeb[32]
  io_oeb[33]
  io_oeb[34]
  io_oeb[35]
  io_oeb[36]
  io_oeb[37]
  io_oeb[3]
  io_oeb[4]
  io_oeb[5]
  io_oeb[6]
  io_oeb[7]
  io_oeb[8]
  io_oeb[9]
  io_out[0]
  io_out[10]
  io_out[11]
  io_out[12]
  io_out[13]
  io_out[14]
  io_out[15]
  io_out[16]
  io_out[17]
  io_out[18]
  io_out[19]
  io_out[1]
  io_out[20]
  io_out[21]
  io_out[22]
  io_out[23]
  io_out[24]
  io_out[25]
  io_out[26]
  io_out[27]
  io_out[28]
  io_out[29]
  io_out[2]
  io_out[30]
  io_out[31]
  io_out[32]
  io_out[33]
  io_out[34]
  io_out[35]
  io_out[36]
  io_out[37]
  io_out[3]
  io_out[4]
  io_out[5]
  io_out[6]
  io_out[7]
  io_out[8]
  io_out[9]
  la_data_out[0]
  la_data_out[100]
  la_data_out[101]
  la_data_out[102]
  la_data_out[103]
  la_data_out[104]
  la_data_out[105]
  la_data_out[106]
  la_data_out[107]
  la_data_out[108]
  la_data_out[109]
  la_data_out[10]
  la_data_out[110]
  la_data_out[111]
  la_data_out[112]
  la_data_out[113]
  la_data_out[114]
  la_data_out[115]
  la_data_out[116]
  la_data_out[117]
  la_data_out[118]
  la_data_out[119]
  la_data_out[11]
  la_data_out[120]
  la_data_out[121]
  la_data_out[122]
  la_data_out[123]
  la_data_out[124]
  la_data_out[125]
  la_data_out[126]
  la_data_out[127]
  la_data_out[12]
  la_data_out[13]
  la_data_out[14]
  la_data_out[15]
  la_data_out[16]
  la_data_out[17]
  la_data_out[18]
  la_data_out[19]
  la_data_out[1]
  la_data_out[20]
  la_data_out[21]
  la_data_out[22]
  la_data_out[23]
  la_data_out[24]
  la_data_out[25]
  la_data_out[26]
  la_data_out[27]
  la_data_out[28]
  la_data_out[29]
  la_data_out[2]
  la_data_out[30]
  la_data_out[31]
  la_data_out[32]
  la_data_out[33]
  la_data_out[34]
  la_data_out[35]
  la_data_out[36]
  la_data_out[37]
  la_data_out[38]
  la_data_out[39]
  la_data_out[3]
  la_data_out[40]
  la_data_out[41]
  la_data_out[42]
  la_data_out[43]
  la_data_out[44]
  la_data_out[45]
  la_data_out[46]
  la_data_out[47]
  la_data_out[48]
  la_data_out[49]
  la_data_out[4]
  la_data_out[50]
  la_data_out[51]
  la_data_out[52]
  la_data_out[53]
  la_data_out[54]
  la_data_out[55]
  la_data_out[56]
  la_data_out[57]
  la_data_out[58]
  la_data_out[59]
  la_data_out[5]
  la_data_out[60]
  la_data_out[61]
  la_data_out[62]
  la_data_out[63]
  la_data_out[64]
  la_data_out[65]
  la_data_out[66]
  la_data_out[67]
  la_data_out[68]
  la_data_out[69]
  la_data_out[6]
  la_data_out[70]
  la_data_out[71]
  la_data_out[72]
  la_data_out[73]
  la_data_out[74]
  la_data_out[75]
  la_data_out[76]
  la_data_out[77]
  la_data_out[78]
  la_data_out[79]
  la_data_out[7]
  la_data_out[80]
  la_data_out[81]
  la_data_out[82]
  la_data_out[83]
  la_data_out[84]
  la_data_out[85]
  la_data_out[86]
  la_data_out[87]
  la_data_out[88]
  la_data_out[89]
  la_data_out[8]
  la_data_out[90]
  la_data_out[91]
  la_data_out[92]
  la_data_out[93]
  la_data_out[94]
  la_data_out[95]
  la_data_out[96]
  la_data_out[97]
  la_data_out[98]
  la_data_out[99]
  la_data_out[9]
  user_irq[0]
  user_irq[1]
  user_irq[2]
